Performing C++ SOURCE FILE Test COMPILER_SUPPORT_Wunusedlocaltypedefs failed with the following output:
Change Dir: /Users/akinori-i/Documents/Research/consensus/NLP/library/Eigen/eigen-eigen-ce5a455b34c0/scripts/CMakeFiles/CMakeTmp

Run Build Command:"/usr/bin/make" "cmTC_78db3/fast"
/Applications/Xcode.app/Contents/Developer/usr/bin/make -f CMakeFiles/cmTC_78db3.dir/build.make CMakeFiles/cmTC_78db3.dir/build
Building CXX object CMakeFiles/cmTC_78db3.dir/src.cxx.o
/Applications/Xcode.app/Contents/Developer/Toolchains/XcodeDefault.xctoolchain/usr/bin/c++     -pedantic -Wall -Wextra -Wundef -Wcast-align -Wchar-subscripts -Wnon-virtual-dtor -DCOMPILER_SUPPORT_Wunusedlocaltypedefs -Werror   -Wunused-local-typedefs -o CMakeFiles/cmTC_78db3.dir/src.cxx.o -c /Users/akinori-i/Documents/Research/consensus/NLP/library/Eigen/eigen-eigen-ce5a455b34c0/scripts/CMakeFiles/CMakeTmp/src.cxx
error: unknown warning option '-Wunused-local-typedefs' [-Werror,-Wunknown-warning-option]
make[1]: *** [CMakeFiles/cmTC_78db3.dir/src.cxx.o] Error 1
make: *** [cmTC_78db3/fast] Error 2

Source file was:
int main() { return 0; }
Performing C++ SOURCE FILE Test COMPILER_SUPPORT_Wnopsabi failed with the following output:
Change Dir: /Users/akinori-i/Documents/Research/consensus/NLP/library/Eigen/eigen-eigen-ce5a455b34c0/scripts/CMakeFiles/CMakeTmp

Run Build Command:"/usr/bin/make" "cmTC_2e228/fast"
/Applications/Xcode.app/Contents/Developer/usr/bin/make -f CMakeFiles/cmTC_2e228.dir/build.make CMakeFiles/cmTC_2e228.dir/build
Building CXX object CMakeFiles/cmTC_2e228.dir/src.cxx.o
/Applications/Xcode.app/Contents/Developer/Toolchains/XcodeDefault.xctoolchain/usr/bin/c++     -pedantic -Wall -Wextra -Wundef -Wcast-align -Wchar-subscripts -Wnon-virtual-dtor -Wpointer-arith -Wwrite-strings -Wformat-security -Wshorten-64-to-32 -Wenum-conversion -Wc++11-extensions -Wshadow -DCOMPILER_SUPPORT_Wnopsabi -Werror   -Wno-psabi -o CMakeFiles/cmTC_2e228.dir/src.cxx.o -c /Users/akinori-i/Documents/Research/consensus/NLP/library/Eigen/eigen-eigen-ce5a455b34c0/scripts/CMakeFiles/CMakeTmp/src.cxx
error: unknown warning option '-Wno-psabi' [-Werror,-Wunknown-warning-option]
make[1]: *** [CMakeFiles/cmTC_2e228.dir/src.cxx.o] Error 1
make: *** [cmTC_2e228/fast] Error 2

Source file was:
int main() { return 0; }
Performing C++ SOURCE FILE Test COMPILER_SUPPORT_wd981 failed with the following output:
Change Dir: /Users/akinori-i/Documents/Research/consensus/NLP/library/Eigen/eigen-eigen-ce5a455b34c0/scripts/CMakeFiles/CMakeTmp

Run Build Command:"/usr/bin/make" "cmTC_aa196/fast"
/Applications/Xcode.app/Contents/Developer/usr/bin/make -f CMakeFiles/cmTC_aa196.dir/build.make CMakeFiles/cmTC_aa196.dir/build
Building CXX object CMakeFiles/cmTC_aa196.dir/src.cxx.o
/Applications/Xcode.app/Contents/Developer/Toolchains/XcodeDefault.xctoolchain/usr/bin/c++     -pedantic -Wall -Wextra -Wundef -Wcast-align -Wchar-subscripts -Wnon-virtual-dtor -Wpointer-arith -Wwrite-strings -Wformat-security -Wshorten-64-to-32 -Wenum-conversion -Wc++11-extensions -Wshadow -Wno-variadic-macros -Wno-long-long -fno-check-new -fno-common -fstrict-aliasing -DCOMPILER_SUPPORT_wd981 -Werror   -wd981 -o CMakeFiles/cmTC_aa196.dir/src.cxx.o -c /Users/akinori-i/Documents/Research/consensus/NLP/library/Eigen/eigen-eigen-ce5a455b34c0/scripts/CMakeFiles/CMakeTmp/src.cxx
clang: error: unknown argument: '-wd981'
make[1]: *** [CMakeFiles/cmTC_aa196.dir/src.cxx.o] Error 1
make: *** [cmTC_aa196/fast] Error 2

Source file was:
int main() { return 0; }
Performing C++ SOURCE FILE Test COMPILER_SUPPORT_wd2304 failed with the following output:
Change Dir: /Users/akinori-i/Documents/Research/consensus/NLP/library/Eigen/eigen-eigen-ce5a455b34c0/scripts/CMakeFiles/CMakeTmp

Run Build Command:"/usr/bin/make" "cmTC_2db58/fast"
/Applications/Xcode.app/Contents/Developer/usr/bin/make -f CMakeFiles/cmTC_2db58.dir/build.make CMakeFiles/cmTC_2db58.dir/build
Building CXX object CMakeFiles/cmTC_2db58.dir/src.cxx.o
/Applications/Xcode.app/Contents/Developer/Toolchains/XcodeDefault.xctoolchain/usr/bin/c++     -pedantic -Wall -Wextra -Wundef -Wcast-align -Wchar-subscripts -Wnon-virtual-dtor -Wpointer-arith -Wwrite-strings -Wformat-security -Wshorten-64-to-32 -Wenum-conversion -Wc++11-extensions -Wshadow -Wno-variadic-macros -Wno-long-long -fno-check-new -fno-common -fstrict-aliasing -DCOMPILER_SUPPORT_wd2304 -Werror   -wd2304 -o CMakeFiles/cmTC_2db58.dir/src.cxx.o -c /Users/akinori-i/Documents/Research/consensus/NLP/library/Eigen/eigen-eigen-ce5a455b34c0/scripts/CMakeFiles/CMakeTmp/src.cxx
clang: error: unknown argument: '-wd2304'
make[1]: *** [CMakeFiles/cmTC_2db58.dir/src.cxx.o] Error 1
make: *** [cmTC_2db58/fast] Error 2

Source file was:
int main() { return 0; }
Performing C++ SOURCE FILE Test COMPILER_SUPPORT_STRICTANSI failed with the following output:
Change Dir: /Users/akinori-i/Documents/Research/consensus/NLP/library/Eigen/eigen-eigen-ce5a455b34c0/scripts/CMakeFiles/CMakeTmp

Run Build Command:"/usr/bin/make" "cmTC_8316c/fast"
/Applications/Xcode.app/Contents/Developer/usr/bin/make -f CMakeFiles/cmTC_8316c.dir/build.make CMakeFiles/cmTC_8316c.dir/build
Building CXX object CMakeFiles/cmTC_8316c.dir/src.cxx.o
/Applications/Xcode.app/Contents/Developer/Toolchains/XcodeDefault.xctoolchain/usr/bin/c++     -pedantic -Wall -Wextra -Wundef -Wcast-align -Wchar-subscripts -Wnon-virtual-dtor -Wpointer-arith -Wwrite-strings -Wformat-security -Wshorten-64-to-32 -Wenum-conversion -Wc++11-extensions -Wshadow -Wno-variadic-macros -Wno-long-long -fno-check-new -fno-common -fstrict-aliasing -DCOMPILER_SUPPORT_STRICTANSI -Werror   -strict-ansi -o CMakeFiles/cmTC_8316c.dir/src.cxx.o -c /Users/akinori-i/Documents/Research/consensus/NLP/library/Eigen/eigen-eigen-ce5a455b34c0/scripts/CMakeFiles/CMakeTmp/src.cxx
clang: error: unknown argument: '-strict-ansi'
make[1]: *** [CMakeFiles/cmTC_8316c.dir/src.cxx.o] Error 1
make: *** [cmTC_8316c/fast] Error 2

Source file was:
int main() { return 0; }
Compiling the Fortran compiler identification source file "CMakeFortranCompilerId.F" failed.
Compiler: CMAKE_Fortran_COMPILER-NOTFOUND 
Build flags: 
Id flags: -v

The output was:
No such file or directory


Compiling the Fortran compiler identification source file "CMakeFortranCompilerId.F" failed.
Compiler: CMAKE_Fortran_COMPILER-NOTFOUND 
Build flags: 
Id flags: 

The output was:
No such file or directory


Compiling the Fortran compiler identification source file "CMakeFortranCompilerId.F" failed.
Compiler: CMAKE_Fortran_COMPILER-NOTFOUND 
Build flags: 
Id flags: -c

The output was:
No such file or directory


Compiling the Fortran compiler identification source file "CMakeFortranCompilerId.F" failed.
Compiler: CMAKE_Fortran_COMPILER-NOTFOUND 
Build flags: 
Id flags: -fpp

The output was:
No such file or directory


