The system is: Darwin - 14.0.0 - x86_64
Compiling the C compiler identification source file "CMakeCCompilerId.c" succeeded.
Compiler: /Applications/Xcode.app/Contents/Developer/Toolchains/XcodeDefault.xctoolchain/usr/bin/cc 
Build flags: 
Id flags: 

The output was:
0


Compilation of the C compiler identification source "CMakeCCompilerId.c" produced "a.out"

The C compiler identification is AppleClang, found in "/Users/akinori-i/Documents/Research/consensus/NLP/library/Eigen/eigen-eigen-ce5a455b34c0/scripts/CMakeFiles/3.4.1/CompilerIdC/a.out"

Compiling the CXX compiler identification source file "CMakeCXXCompilerId.cpp" succeeded.
Compiler: /Applications/Xcode.app/Contents/Developer/Toolchains/XcodeDefault.xctoolchain/usr/bin/c++ 
Build flags: 
Id flags: 

The output was:
0


Compilation of the CXX compiler identification source "CMakeCXXCompilerId.cpp" produced "a.out"

The CXX compiler identification is AppleClang, found in "/Users/akinori-i/Documents/Research/consensus/NLP/library/Eigen/eigen-eigen-ce5a455b34c0/scripts/CMakeFiles/3.4.1/CompilerIdCXX/a.out"

Determining if the C compiler works passed with the following output:
Change Dir: /Users/akinori-i/Documents/Research/consensus/NLP/library/Eigen/eigen-eigen-ce5a455b34c0/scripts/CMakeFiles/CMakeTmp

Run Build Command:"/usr/bin/make" "cmTC_3ead7/fast"
/Applications/Xcode.app/Contents/Developer/usr/bin/make -f CMakeFiles/cmTC_3ead7.dir/build.make CMakeFiles/cmTC_3ead7.dir/build
Building C object CMakeFiles/cmTC_3ead7.dir/testCCompiler.c.o
/Applications/Xcode.app/Contents/Developer/Toolchains/XcodeDefault.xctoolchain/usr/bin/cc     -o CMakeFiles/cmTC_3ead7.dir/testCCompiler.c.o   -c /Users/akinori-i/Documents/Research/consensus/NLP/library/Eigen/eigen-eigen-ce5a455b34c0/scripts/CMakeFiles/CMakeTmp/testCCompiler.c
Linking C executable cmTC_3ead7
/opt/local/bin/cmake -E cmake_link_script CMakeFiles/cmTC_3ead7.dir/link.txt --verbose=1
/Applications/Xcode.app/Contents/Developer/Toolchains/XcodeDefault.xctoolchain/usr/bin/cc    -Wl,-search_paths_first -Wl,-headerpad_max_install_names   CMakeFiles/cmTC_3ead7.dir/testCCompiler.c.o  -o cmTC_3ead7  


Detecting C compiler ABI info compiled with the following output:
Change Dir: /Users/akinori-i/Documents/Research/consensus/NLP/library/Eigen/eigen-eigen-ce5a455b34c0/scripts/CMakeFiles/CMakeTmp

Run Build Command:"/usr/bin/make" "cmTC_512ac/fast"
/Applications/Xcode.app/Contents/Developer/usr/bin/make -f CMakeFiles/cmTC_512ac.dir/build.make CMakeFiles/cmTC_512ac.dir/build
Building C object CMakeFiles/cmTC_512ac.dir/CMakeCCompilerABI.c.o
/Applications/Xcode.app/Contents/Developer/Toolchains/XcodeDefault.xctoolchain/usr/bin/cc     -o CMakeFiles/cmTC_512ac.dir/CMakeCCompilerABI.c.o   -c /opt/local/share/cmake-3.4/Modules/CMakeCCompilerABI.c
Linking C executable cmTC_512ac
/opt/local/bin/cmake -E cmake_link_script CMakeFiles/cmTC_512ac.dir/link.txt --verbose=1
/Applications/Xcode.app/Contents/Developer/Toolchains/XcodeDefault.xctoolchain/usr/bin/cc    -Wl,-search_paths_first -Wl,-headerpad_max_install_names  -v -Wl,-v CMakeFiles/cmTC_512ac.dir/CMakeCCompilerABI.c.o  -o cmTC_512ac   
Apple LLVM version 6.1.0 (clang-602.0.53) (based on LLVM 3.6.0svn)
Target: x86_64-apple-darwin14.0.0
Thread model: posix
 "/Applications/Xcode.app/Contents/Developer/Toolchains/XcodeDefault.xctoolchain/usr/bin/ld" -demangle -dynamic -arch x86_64 -macosx_version_min 10.10.0 -o cmTC_512ac -search_paths_first -headerpad_max_install_names -v CMakeFiles/cmTC_512ac.dir/CMakeCCompilerABI.c.o -lSystem /Applications/Xcode.app/Contents/Developer/Toolchains/XcodeDefault.xctoolchain/usr/bin/../lib/clang/6.1.0/lib/darwin/libclang_rt.osx.a
@(#)PROGRAM:ld  PROJECT:ld64-242.2
configured to support archs: armv6 armv7 armv7s arm64 i386 x86_64 x86_64h armv6m armv7m armv7em
Library search paths:
	/usr/lib
	/usr/local/lib
Framework search paths:
	/Library/Frameworks/
	/System/Library/Frameworks/


Parsed C implicit link information from above output:
  link line regex: [^( *|.*[/\])(ld|([^/\]+-)?ld|collect2)[^/\]*( |$)]
  ignore line: [Change Dir: /Users/akinori-i/Documents/Research/consensus/NLP/library/Eigen/eigen-eigen-ce5a455b34c0/scripts/CMakeFiles/CMakeTmp]
  ignore line: []
  ignore line: [Run Build Command:"/usr/bin/make" "cmTC_512ac/fast"]
  ignore line: [/Applications/Xcode.app/Contents/Developer/usr/bin/make -f CMakeFiles/cmTC_512ac.dir/build.make CMakeFiles/cmTC_512ac.dir/build]
  ignore line: [Building C object CMakeFiles/cmTC_512ac.dir/CMakeCCompilerABI.c.o]
  ignore line: [/Applications/Xcode.app/Contents/Developer/Toolchains/XcodeDefault.xctoolchain/usr/bin/cc     -o CMakeFiles/cmTC_512ac.dir/CMakeCCompilerABI.c.o   -c /opt/local/share/cmake-3.4/Modules/CMakeCCompilerABI.c]
  ignore line: [Linking C executable cmTC_512ac]
  ignore line: [/opt/local/bin/cmake -E cmake_link_script CMakeFiles/cmTC_512ac.dir/link.txt --verbose=1]
  ignore line: [/Applications/Xcode.app/Contents/Developer/Toolchains/XcodeDefault.xctoolchain/usr/bin/cc    -Wl,-search_paths_first -Wl,-headerpad_max_install_names  -v -Wl,-v CMakeFiles/cmTC_512ac.dir/CMakeCCompilerABI.c.o  -o cmTC_512ac   ]
  ignore line: [Apple LLVM version 6.1.0 (clang-602.0.53) (based on LLVM 3.6.0svn)]
  ignore line: [Target: x86_64-apple-darwin14.0.0]
  ignore line: [Thread model: posix]
  link line: [ "/Applications/Xcode.app/Contents/Developer/Toolchains/XcodeDefault.xctoolchain/usr/bin/ld" -demangle -dynamic -arch x86_64 -macosx_version_min 10.10.0 -o cmTC_512ac -search_paths_first -headerpad_max_install_names -v CMakeFiles/cmTC_512ac.dir/CMakeCCompilerABI.c.o -lSystem /Applications/Xcode.app/Contents/Developer/Toolchains/XcodeDefault.xctoolchain/usr/bin/../lib/clang/6.1.0/lib/darwin/libclang_rt.osx.a]
    arg [/Applications/Xcode.app/Contents/Developer/Toolchains/XcodeDefault.xctoolchain/usr/bin/ld] ==> ignore
    arg [-demangle] ==> ignore
    arg [-dynamic] ==> ignore
    arg [-arch] ==> ignore
    arg [x86_64] ==> ignore
    arg [-macosx_version_min] ==> ignore
    arg [10.10.0] ==> ignore
    arg [-o] ==> ignore
    arg [cmTC_512ac] ==> ignore
    arg [-search_paths_first] ==> ignore
    arg [-headerpad_max_install_names] ==> ignore
    arg [-v] ==> ignore
    arg [CMakeFiles/cmTC_512ac.dir/CMakeCCompilerABI.c.o] ==> ignore
    arg [-lSystem] ==> lib [System]
    arg [/Applications/Xcode.app/Contents/Developer/Toolchains/XcodeDefault.xctoolchain/usr/bin/../lib/clang/6.1.0/lib/darwin/libclang_rt.osx.a] ==> lib [/Applications/Xcode.app/Contents/Developer/Toolchains/XcodeDefault.xctoolchain/usr/bin/../lib/clang/6.1.0/lib/darwin/libclang_rt.osx.a]
  Library search paths: [;/usr/lib;/usr/local/lib]
  Framework search paths: [;/Library/Frameworks/;/System/Library/Frameworks/]
  remove lib [System]
  collapse lib [/Applications/Xcode.app/Contents/Developer/Toolchains/XcodeDefault.xctoolchain/usr/bin/../lib/clang/6.1.0/lib/darwin/libclang_rt.osx.a] ==> [/Applications/Xcode.app/Contents/Developer/Toolchains/XcodeDefault.xctoolchain/usr/lib/clang/6.1.0/lib/darwin/libclang_rt.osx.a]
  collapse library dir [/usr/lib] ==> [/usr/lib]
  collapse library dir [/usr/local/lib] ==> [/usr/local/lib]
  collapse framework dir [/Library/Frameworks/] ==> [/Library/Frameworks]
  collapse framework dir [/System/Library/Frameworks/] ==> [/System/Library/Frameworks]
  implicit libs: [/Applications/Xcode.app/Contents/Developer/Toolchains/XcodeDefault.xctoolchain/usr/lib/clang/6.1.0/lib/darwin/libclang_rt.osx.a]
  implicit dirs: [/usr/lib;/usr/local/lib]
  implicit fwks: [/Library/Frameworks;/System/Library/Frameworks]




Detecting C [-std=c11] compiler features compiled with the following output:
Change Dir: /Users/akinori-i/Documents/Research/consensus/NLP/library/Eigen/eigen-eigen-ce5a455b34c0/scripts/CMakeFiles/CMakeTmp

Run Build Command:"/usr/bin/make" "cmTC_8ea63/fast"
/Applications/Xcode.app/Contents/Developer/usr/bin/make -f CMakeFiles/cmTC_8ea63.dir/build.make CMakeFiles/cmTC_8ea63.dir/build
Building C object CMakeFiles/cmTC_8ea63.dir/feature_tests.c.o
/Applications/Xcode.app/Contents/Developer/Toolchains/XcodeDefault.xctoolchain/usr/bin/cc    -std=c11 -o CMakeFiles/cmTC_8ea63.dir/feature_tests.c.o   -c /Users/akinori-i/Documents/Research/consensus/NLP/library/Eigen/eigen-eigen-ce5a455b34c0/scripts/CMakeFiles/feature_tests.c
Linking C executable cmTC_8ea63
/opt/local/bin/cmake -E cmake_link_script CMakeFiles/cmTC_8ea63.dir/link.txt --verbose=1
/Applications/Xcode.app/Contents/Developer/Toolchains/XcodeDefault.xctoolchain/usr/bin/cc    -Wl,-search_paths_first -Wl,-headerpad_max_install_names   CMakeFiles/cmTC_8ea63.dir/feature_tests.c.o  -o cmTC_8ea63  


    Feature record: C_FEATURE:1c_function_prototypes
    Feature record: C_FEATURE:1c_restrict
    Feature record: C_FEATURE:1c_static_assert
    Feature record: C_FEATURE:1c_variadic_macros


Detecting C [-std=c99] compiler features compiled with the following output:
Change Dir: /Users/akinori-i/Documents/Research/consensus/NLP/library/Eigen/eigen-eigen-ce5a455b34c0/scripts/CMakeFiles/CMakeTmp

Run Build Command:"/usr/bin/make" "cmTC_6904f/fast"
/Applications/Xcode.app/Contents/Developer/usr/bin/make -f CMakeFiles/cmTC_6904f.dir/build.make CMakeFiles/cmTC_6904f.dir/build
Building C object CMakeFiles/cmTC_6904f.dir/feature_tests.c.o
/Applications/Xcode.app/Contents/Developer/Toolchains/XcodeDefault.xctoolchain/usr/bin/cc    -std=c99 -o CMakeFiles/cmTC_6904f.dir/feature_tests.c.o   -c /Users/akinori-i/Documents/Research/consensus/NLP/library/Eigen/eigen-eigen-ce5a455b34c0/scripts/CMakeFiles/feature_tests.c
Linking C executable cmTC_6904f
/opt/local/bin/cmake -E cmake_link_script CMakeFiles/cmTC_6904f.dir/link.txt --verbose=1
/Applications/Xcode.app/Contents/Developer/Toolchains/XcodeDefault.xctoolchain/usr/bin/cc    -Wl,-search_paths_first -Wl,-headerpad_max_install_names   CMakeFiles/cmTC_6904f.dir/feature_tests.c.o  -o cmTC_6904f  


    Feature record: C_FEATURE:1c_function_prototypes
    Feature record: C_FEATURE:1c_restrict
    Feature record: C_FEATURE:0c_static_assert
    Feature record: C_FEATURE:1c_variadic_macros


Detecting C [-std=c90] compiler features compiled with the following output:
Change Dir: /Users/akinori-i/Documents/Research/consensus/NLP/library/Eigen/eigen-eigen-ce5a455b34c0/scripts/CMakeFiles/CMakeTmp

Run Build Command:"/usr/bin/make" "cmTC_ed253/fast"
/Applications/Xcode.app/Contents/Developer/usr/bin/make -f CMakeFiles/cmTC_ed253.dir/build.make CMakeFiles/cmTC_ed253.dir/build
Building C object CMakeFiles/cmTC_ed253.dir/feature_tests.c.o
/Applications/Xcode.app/Contents/Developer/Toolchains/XcodeDefault.xctoolchain/usr/bin/cc    -std=c90 -o CMakeFiles/cmTC_ed253.dir/feature_tests.c.o   -c /Users/akinori-i/Documents/Research/consensus/NLP/library/Eigen/eigen-eigen-ce5a455b34c0/scripts/CMakeFiles/feature_tests.c
Linking C executable cmTC_ed253
/opt/local/bin/cmake -E cmake_link_script CMakeFiles/cmTC_ed253.dir/link.txt --verbose=1
/Applications/Xcode.app/Contents/Developer/Toolchains/XcodeDefault.xctoolchain/usr/bin/cc    -Wl,-search_paths_first -Wl,-headerpad_max_install_names   CMakeFiles/cmTC_ed253.dir/feature_tests.c.o  -o cmTC_ed253  


    Feature record: C_FEATURE:1c_function_prototypes
    Feature record: C_FEATURE:0c_restrict
    Feature record: C_FEATURE:0c_static_assert
    Feature record: C_FEATURE:0c_variadic_macros
Determining if the CXX compiler works passed with the following output:
Change Dir: /Users/akinori-i/Documents/Research/consensus/NLP/library/Eigen/eigen-eigen-ce5a455b34c0/scripts/CMakeFiles/CMakeTmp

Run Build Command:"/usr/bin/make" "cmTC_ca191/fast"
/Applications/Xcode.app/Contents/Developer/usr/bin/make -f CMakeFiles/cmTC_ca191.dir/build.make CMakeFiles/cmTC_ca191.dir/build
Building CXX object CMakeFiles/cmTC_ca191.dir/testCXXCompiler.cxx.o
/Applications/Xcode.app/Contents/Developer/Toolchains/XcodeDefault.xctoolchain/usr/bin/c++      -o CMakeFiles/cmTC_ca191.dir/testCXXCompiler.cxx.o -c /Users/akinori-i/Documents/Research/consensus/NLP/library/Eigen/eigen-eigen-ce5a455b34c0/scripts/CMakeFiles/CMakeTmp/testCXXCompiler.cxx
Linking CXX executable cmTC_ca191
/opt/local/bin/cmake -E cmake_link_script CMakeFiles/cmTC_ca191.dir/link.txt --verbose=1
/Applications/Xcode.app/Contents/Developer/Toolchains/XcodeDefault.xctoolchain/usr/bin/c++     -Wl,-search_paths_first -Wl,-headerpad_max_install_names   CMakeFiles/cmTC_ca191.dir/testCXXCompiler.cxx.o  -o cmTC_ca191  


Detecting CXX compiler ABI info compiled with the following output:
Change Dir: /Users/akinori-i/Documents/Research/consensus/NLP/library/Eigen/eigen-eigen-ce5a455b34c0/scripts/CMakeFiles/CMakeTmp

Run Build Command:"/usr/bin/make" "cmTC_bd751/fast"
/Applications/Xcode.app/Contents/Developer/usr/bin/make -f CMakeFiles/cmTC_bd751.dir/build.make CMakeFiles/cmTC_bd751.dir/build
Building CXX object CMakeFiles/cmTC_bd751.dir/CMakeCXXCompilerABI.cpp.o
/Applications/Xcode.app/Contents/Developer/Toolchains/XcodeDefault.xctoolchain/usr/bin/c++      -o CMakeFiles/cmTC_bd751.dir/CMakeCXXCompilerABI.cpp.o -c /opt/local/share/cmake-3.4/Modules/CMakeCXXCompilerABI.cpp
Linking CXX executable cmTC_bd751
/opt/local/bin/cmake -E cmake_link_script CMakeFiles/cmTC_bd751.dir/link.txt --verbose=1
/Applications/Xcode.app/Contents/Developer/Toolchains/XcodeDefault.xctoolchain/usr/bin/c++     -Wl,-search_paths_first -Wl,-headerpad_max_install_names  -v -Wl,-v CMakeFiles/cmTC_bd751.dir/CMakeCXXCompilerABI.cpp.o  -o cmTC_bd751   
Apple LLVM version 6.1.0 (clang-602.0.53) (based on LLVM 3.6.0svn)
Target: x86_64-apple-darwin14.0.0
Thread model: posix
 "/Applications/Xcode.app/Contents/Developer/Toolchains/XcodeDefault.xctoolchain/usr/bin/ld" -demangle -dynamic -arch x86_64 -macosx_version_min 10.10.0 -o cmTC_bd751 -search_paths_first -headerpad_max_install_names -v CMakeFiles/cmTC_bd751.dir/CMakeCXXCompilerABI.cpp.o -lc++ -lSystem /Applications/Xcode.app/Contents/Developer/Toolchains/XcodeDefault.xctoolchain/usr/bin/../lib/clang/6.1.0/lib/darwin/libclang_rt.osx.a
@(#)PROGRAM:ld  PROJECT:ld64-242.2
configured to support archs: armv6 armv7 armv7s arm64 i386 x86_64 x86_64h armv6m armv7m armv7em
Library search paths:
	/usr/lib
	/usr/local/lib
Framework search paths:
	/Library/Frameworks/
	/System/Library/Frameworks/


Parsed CXX implicit link information from above output:
  link line regex: [^( *|.*[/\])(ld|([^/\]+-)?ld|collect2)[^/\]*( |$)]
  ignore line: [Change Dir: /Users/akinori-i/Documents/Research/consensus/NLP/library/Eigen/eigen-eigen-ce5a455b34c0/scripts/CMakeFiles/CMakeTmp]
  ignore line: []
  ignore line: [Run Build Command:"/usr/bin/make" "cmTC_bd751/fast"]
  ignore line: [/Applications/Xcode.app/Contents/Developer/usr/bin/make -f CMakeFiles/cmTC_bd751.dir/build.make CMakeFiles/cmTC_bd751.dir/build]
  ignore line: [Building CXX object CMakeFiles/cmTC_bd751.dir/CMakeCXXCompilerABI.cpp.o]
  ignore line: [/Applications/Xcode.app/Contents/Developer/Toolchains/XcodeDefault.xctoolchain/usr/bin/c++      -o CMakeFiles/cmTC_bd751.dir/CMakeCXXCompilerABI.cpp.o -c /opt/local/share/cmake-3.4/Modules/CMakeCXXCompilerABI.cpp]
  ignore line: [Linking CXX executable cmTC_bd751]
  ignore line: [/opt/local/bin/cmake -E cmake_link_script CMakeFiles/cmTC_bd751.dir/link.txt --verbose=1]
  ignore line: [/Applications/Xcode.app/Contents/Developer/Toolchains/XcodeDefault.xctoolchain/usr/bin/c++     -Wl,-search_paths_first -Wl,-headerpad_max_install_names  -v -Wl,-v CMakeFiles/cmTC_bd751.dir/CMakeCXXCompilerABI.cpp.o  -o cmTC_bd751   ]
  ignore line: [Apple LLVM version 6.1.0 (clang-602.0.53) (based on LLVM 3.6.0svn)]
  ignore line: [Target: x86_64-apple-darwin14.0.0]
  ignore line: [Thread model: posix]
  link line: [ "/Applications/Xcode.app/Contents/Developer/Toolchains/XcodeDefault.xctoolchain/usr/bin/ld" -demangle -dynamic -arch x86_64 -macosx_version_min 10.10.0 -o cmTC_bd751 -search_paths_first -headerpad_max_install_names -v CMakeFiles/cmTC_bd751.dir/CMakeCXXCompilerABI.cpp.o -lc++ -lSystem /Applications/Xcode.app/Contents/Developer/Toolchains/XcodeDefault.xctoolchain/usr/bin/../lib/clang/6.1.0/lib/darwin/libclang_rt.osx.a]
    arg [/Applications/Xcode.app/Contents/Developer/Toolchains/XcodeDefault.xctoolchain/usr/bin/ld] ==> ignore
    arg [-demangle] ==> ignore
    arg [-dynamic] ==> ignore
    arg [-arch] ==> ignore
    arg [x86_64] ==> ignore
    arg [-macosx_version_min] ==> ignore
    arg [10.10.0] ==> ignore
    arg [-o] ==> ignore
    arg [cmTC_bd751] ==> ignore
    arg [-search_paths_first] ==> ignore
    arg [-headerpad_max_install_names] ==> ignore
    arg [-v] ==> ignore
    arg [CMakeFiles/cmTC_bd751.dir/CMakeCXXCompilerABI.cpp.o] ==> ignore
    arg [-lc++] ==> lib [c++]
    arg [-lSystem] ==> lib [System]
    arg [/Applications/Xcode.app/Contents/Developer/Toolchains/XcodeDefault.xctoolchain/usr/bin/../lib/clang/6.1.0/lib/darwin/libclang_rt.osx.a] ==> lib [/Applications/Xcode.app/Contents/Developer/Toolchains/XcodeDefault.xctoolchain/usr/bin/../lib/clang/6.1.0/lib/darwin/libclang_rt.osx.a]
  Library search paths: [;/usr/lib;/usr/local/lib]
  Framework search paths: [;/Library/Frameworks/;/System/Library/Frameworks/]
  remove lib [System]
  collapse lib [/Applications/Xcode.app/Contents/Developer/Toolchains/XcodeDefault.xctoolchain/usr/bin/../lib/clang/6.1.0/lib/darwin/libclang_rt.osx.a] ==> [/Applications/Xcode.app/Contents/Developer/Toolchains/XcodeDefault.xctoolchain/usr/lib/clang/6.1.0/lib/darwin/libclang_rt.osx.a]
  collapse library dir [/usr/lib] ==> [/usr/lib]
  collapse library dir [/usr/local/lib] ==> [/usr/local/lib]
  collapse framework dir [/Library/Frameworks/] ==> [/Library/Frameworks]
  collapse framework dir [/System/Library/Frameworks/] ==> [/System/Library/Frameworks]
  implicit libs: [c++;/Applications/Xcode.app/Contents/Developer/Toolchains/XcodeDefault.xctoolchain/usr/lib/clang/6.1.0/lib/darwin/libclang_rt.osx.a]
  implicit dirs: [/usr/lib;/usr/local/lib]
  implicit fwks: [/Library/Frameworks;/System/Library/Frameworks]




Detecting CXX [-std=c++14] compiler features compiled with the following output:
Change Dir: /Users/akinori-i/Documents/Research/consensus/NLP/library/Eigen/eigen-eigen-ce5a455b34c0/scripts/CMakeFiles/CMakeTmp

Run Build Command:"/usr/bin/make" "cmTC_fae26/fast"
/Applications/Xcode.app/Contents/Developer/usr/bin/make -f CMakeFiles/cmTC_fae26.dir/build.make CMakeFiles/cmTC_fae26.dir/build
Building CXX object CMakeFiles/cmTC_fae26.dir/feature_tests.cxx.o
/Applications/Xcode.app/Contents/Developer/Toolchains/XcodeDefault.xctoolchain/usr/bin/c++     -std=c++14 -o CMakeFiles/cmTC_fae26.dir/feature_tests.cxx.o -c /Users/akinori-i/Documents/Research/consensus/NLP/library/Eigen/eigen-eigen-ce5a455b34c0/scripts/CMakeFiles/feature_tests.cxx
Linking CXX executable cmTC_fae26
/opt/local/bin/cmake -E cmake_link_script CMakeFiles/cmTC_fae26.dir/link.txt --verbose=1
/Applications/Xcode.app/Contents/Developer/Toolchains/XcodeDefault.xctoolchain/usr/bin/c++     -Wl,-search_paths_first -Wl,-headerpad_max_install_names   CMakeFiles/cmTC_fae26.dir/feature_tests.cxx.o  -o cmTC_fae26  


    Feature record: CXX_FEATURE:1cxx_aggregate_default_initializers
    Feature record: CXX_FEATURE:1cxx_alias_templates
    Feature record: CXX_FEATURE:1cxx_alignas
    Feature record: CXX_FEATURE:1cxx_alignof
    Feature record: CXX_FEATURE:1cxx_attributes
    Feature record: CXX_FEATURE:1cxx_attribute_deprecated
    Feature record: CXX_FEATURE:1cxx_auto_type
    Feature record: CXX_FEATURE:1cxx_binary_literals
    Feature record: CXX_FEATURE:1cxx_constexpr
    Feature record: CXX_FEATURE:1cxx_contextual_conversions
    Feature record: CXX_FEATURE:1cxx_decltype
    Feature record: CXX_FEATURE:1cxx_decltype_auto
    Feature record: CXX_FEATURE:1cxx_decltype_incomplete_return_types
    Feature record: CXX_FEATURE:1cxx_default_function_template_args
    Feature record: CXX_FEATURE:1cxx_defaulted_functions
    Feature record: CXX_FEATURE:1cxx_defaulted_move_initializers
    Feature record: CXX_FEATURE:1cxx_delegating_constructors
    Feature record: CXX_FEATURE:1cxx_deleted_functions
    Feature record: CXX_FEATURE:1cxx_digit_separators
    Feature record: CXX_FEATURE:1cxx_enum_forward_declarations
    Feature record: CXX_FEATURE:1cxx_explicit_conversions
    Feature record: CXX_FEATURE:1cxx_extended_friend_declarations
    Feature record: CXX_FEATURE:1cxx_extern_templates
    Feature record: CXX_FEATURE:1cxx_final
    Feature record: CXX_FEATURE:1cxx_func_identifier
    Feature record: CXX_FEATURE:1cxx_generalized_initializers
    Feature record: CXX_FEATURE:1cxx_generic_lambdas
    Feature record: CXX_FEATURE:1cxx_inheriting_constructors
    Feature record: CXX_FEATURE:1cxx_inline_namespaces
    Feature record: CXX_FEATURE:1cxx_lambdas
    Feature record: CXX_FEATURE:1cxx_lambda_init_captures
    Feature record: CXX_FEATURE:1cxx_local_type_template_args
    Feature record: CXX_FEATURE:1cxx_long_long_type
    Feature record: CXX_FEATURE:1cxx_noexcept
    Feature record: CXX_FEATURE:1cxx_nonstatic_member_init
    Feature record: CXX_FEATURE:1cxx_nullptr
    Feature record: CXX_FEATURE:1cxx_override
    Feature record: CXX_FEATURE:1cxx_range_for
    Feature record: CXX_FEATURE:1cxx_raw_string_literals
    Feature record: CXX_FEATURE:1cxx_reference_qualified_functions
    Feature record: CXX_FEATURE:1cxx_relaxed_constexpr
    Feature record: CXX_FEATURE:1cxx_return_type_deduction
    Feature record: CXX_FEATURE:1cxx_right_angle_brackets
    Feature record: CXX_FEATURE:1cxx_rvalue_references
    Feature record: CXX_FEATURE:1cxx_sizeof_member
    Feature record: CXX_FEATURE:1cxx_static_assert
    Feature record: CXX_FEATURE:1cxx_strong_enums
    Feature record: CXX_FEATURE:1cxx_template_template_parameters
    Feature record: CXX_FEATURE:0cxx_thread_local
    Feature record: CXX_FEATURE:1cxx_trailing_return_types
    Feature record: CXX_FEATURE:1cxx_unicode_literals
    Feature record: CXX_FEATURE:1cxx_uniform_initialization
    Feature record: CXX_FEATURE:1cxx_unrestricted_unions
    Feature record: CXX_FEATURE:1cxx_user_literals
    Feature record: CXX_FEATURE:1cxx_variable_templates
    Feature record: CXX_FEATURE:1cxx_variadic_macros
    Feature record: CXX_FEATURE:1cxx_variadic_templates


Detecting CXX [-std=c++11] compiler features compiled with the following output:
Change Dir: /Users/akinori-i/Documents/Research/consensus/NLP/library/Eigen/eigen-eigen-ce5a455b34c0/scripts/CMakeFiles/CMakeTmp

Run Build Command:"/usr/bin/make" "cmTC_f3cb0/fast"
/Applications/Xcode.app/Contents/Developer/usr/bin/make -f CMakeFiles/cmTC_f3cb0.dir/build.make CMakeFiles/cmTC_f3cb0.dir/build
Building CXX object CMakeFiles/cmTC_f3cb0.dir/feature_tests.cxx.o
/Applications/Xcode.app/Contents/Developer/Toolchains/XcodeDefault.xctoolchain/usr/bin/c++     -std=c++11 -o CMakeFiles/cmTC_f3cb0.dir/feature_tests.cxx.o -c /Users/akinori-i/Documents/Research/consensus/NLP/library/Eigen/eigen-eigen-ce5a455b34c0/scripts/CMakeFiles/feature_tests.cxx
Linking CXX executable cmTC_f3cb0
/opt/local/bin/cmake -E cmake_link_script CMakeFiles/cmTC_f3cb0.dir/link.txt --verbose=1
/Applications/Xcode.app/Contents/Developer/Toolchains/XcodeDefault.xctoolchain/usr/bin/c++     -Wl,-search_paths_first -Wl,-headerpad_max_install_names   CMakeFiles/cmTC_f3cb0.dir/feature_tests.cxx.o  -o cmTC_f3cb0  


    Feature record: CXX_FEATURE:0cxx_aggregate_default_initializers
    Feature record: CXX_FEATURE:1cxx_alias_templates
    Feature record: CXX_FEATURE:1cxx_alignas
    Feature record: CXX_FEATURE:1cxx_alignof
    Feature record: CXX_FEATURE:1cxx_attributes
    Feature record: CXX_FEATURE:0cxx_attribute_deprecated
    Feature record: CXX_FEATURE:1cxx_auto_type
    Feature record: CXX_FEATURE:0cxx_binary_literals
    Feature record: CXX_FEATURE:1cxx_constexpr
    Feature record: CXX_FEATURE:0cxx_contextual_conversions
    Feature record: CXX_FEATURE:1cxx_decltype
    Feature record: CXX_FEATURE:0cxx_decltype_auto
    Feature record: CXX_FEATURE:1cxx_decltype_incomplete_return_types
    Feature record: CXX_FEATURE:1cxx_default_function_template_args
    Feature record: CXX_FEATURE:1cxx_defaulted_functions
    Feature record: CXX_FEATURE:1cxx_defaulted_move_initializers
    Feature record: CXX_FEATURE:1cxx_delegating_constructors
    Feature record: CXX_FEATURE:1cxx_deleted_functions
    Feature record: CXX_FEATURE:0cxx_digit_separators
    Feature record: CXX_FEATURE:1cxx_enum_forward_declarations
    Feature record: CXX_FEATURE:1cxx_explicit_conversions
    Feature record: CXX_FEATURE:1cxx_extended_friend_declarations
    Feature record: CXX_FEATURE:1cxx_extern_templates
    Feature record: CXX_FEATURE:1cxx_final
    Feature record: CXX_FEATURE:1cxx_func_identifier
    Feature record: CXX_FEATURE:1cxx_generalized_initializers
    Feature record: CXX_FEATURE:0cxx_generic_lambdas
    Feature record: CXX_FEATURE:1cxx_inheriting_constructors
    Feature record: CXX_FEATURE:1cxx_inline_namespaces
    Feature record: CXX_FEATURE:1cxx_lambdas
    Feature record: CXX_FEATURE:0cxx_lambda_init_captures
    Feature record: CXX_FEATURE:1cxx_local_type_template_args
    Feature record: CXX_FEATURE:1cxx_long_long_type
    Feature record: CXX_FEATURE:1cxx_noexcept
    Feature record: CXX_FEATURE:1cxx_nonstatic_member_init
    Feature record: CXX_FEATURE:1cxx_nullptr
    Feature record: CXX_FEATURE:1cxx_override
    Feature record: CXX_FEATURE:1cxx_range_for
    Feature record: CXX_FEATURE:1cxx_raw_string_literals
    Feature record: CXX_FEATURE:1cxx_reference_qualified_functions
    Feature record: CXX_FEATURE:0cxx_relaxed_constexpr
    Feature record: CXX_FEATURE:0cxx_return_type_deduction
    Feature record: CXX_FEATURE:1cxx_right_angle_brackets
    Feature record: CXX_FEATURE:1cxx_rvalue_references
    Feature record: CXX_FEATURE:1cxx_sizeof_member
    Feature record: CXX_FEATURE:1cxx_static_assert
    Feature record: CXX_FEATURE:1cxx_strong_enums
    Feature record: CXX_FEATURE:1cxx_template_template_parameters
    Feature record: CXX_FEATURE:0cxx_thread_local
    Feature record: CXX_FEATURE:1cxx_trailing_return_types
    Feature record: CXX_FEATURE:1cxx_unicode_literals
    Feature record: CXX_FEATURE:1cxx_uniform_initialization
    Feature record: CXX_FEATURE:1cxx_unrestricted_unions
    Feature record: CXX_FEATURE:1cxx_user_literals
    Feature record: CXX_FEATURE:0cxx_variable_templates
    Feature record: CXX_FEATURE:1cxx_variadic_macros
    Feature record: CXX_FEATURE:1cxx_variadic_templates


Detecting CXX [-std=c++98] compiler features compiled with the following output:
Change Dir: /Users/akinori-i/Documents/Research/consensus/NLP/library/Eigen/eigen-eigen-ce5a455b34c0/scripts/CMakeFiles/CMakeTmp

Run Build Command:"/usr/bin/make" "cmTC_ef0a3/fast"
/Applications/Xcode.app/Contents/Developer/usr/bin/make -f CMakeFiles/cmTC_ef0a3.dir/build.make CMakeFiles/cmTC_ef0a3.dir/build
Building CXX object CMakeFiles/cmTC_ef0a3.dir/feature_tests.cxx.o
/Applications/Xcode.app/Contents/Developer/Toolchains/XcodeDefault.xctoolchain/usr/bin/c++     -std=c++98 -o CMakeFiles/cmTC_ef0a3.dir/feature_tests.cxx.o -c /Users/akinori-i/Documents/Research/consensus/NLP/library/Eigen/eigen-eigen-ce5a455b34c0/scripts/CMakeFiles/feature_tests.cxx
Linking CXX executable cmTC_ef0a3
/opt/local/bin/cmake -E cmake_link_script CMakeFiles/cmTC_ef0a3.dir/link.txt --verbose=1
/Applications/Xcode.app/Contents/Developer/Toolchains/XcodeDefault.xctoolchain/usr/bin/c++     -Wl,-search_paths_first -Wl,-headerpad_max_install_names   CMakeFiles/cmTC_ef0a3.dir/feature_tests.cxx.o  -o cmTC_ef0a3  


    Feature record: CXX_FEATURE:0cxx_aggregate_default_initializers
    Feature record: CXX_FEATURE:0cxx_alias_templates
    Feature record: CXX_FEATURE:0cxx_alignas
    Feature record: CXX_FEATURE:0cxx_alignof
    Feature record: CXX_FEATURE:0cxx_attributes
    Feature record: CXX_FEATURE:0cxx_attribute_deprecated
    Feature record: CXX_FEATURE:0cxx_auto_type
    Feature record: CXX_FEATURE:0cxx_binary_literals
    Feature record: CXX_FEATURE:0cxx_constexpr
    Feature record: CXX_FEATURE:0cxx_contextual_conversions
    Feature record: CXX_FEATURE:0cxx_decltype
    Feature record: CXX_FEATURE:0cxx_decltype_auto
    Feature record: CXX_FEATURE:0cxx_decltype_incomplete_return_types
    Feature record: CXX_FEATURE:0cxx_default_function_template_args
    Feature record: CXX_FEATURE:0cxx_defaulted_functions
    Feature record: CXX_FEATURE:0cxx_defaulted_move_initializers
    Feature record: CXX_FEATURE:0cxx_delegating_constructors
    Feature record: CXX_FEATURE:0cxx_deleted_functions
    Feature record: CXX_FEATURE:0cxx_digit_separators
    Feature record: CXX_FEATURE:0cxx_enum_forward_declarations
    Feature record: CXX_FEATURE:0cxx_explicit_conversions
    Feature record: CXX_FEATURE:0cxx_extended_friend_declarations
    Feature record: CXX_FEATURE:0cxx_extern_templates
    Feature record: CXX_FEATURE:0cxx_final
    Feature record: CXX_FEATURE:0cxx_func_identifier
    Feature record: CXX_FEATURE:0cxx_generalized_initializers
    Feature record: CXX_FEATURE:0cxx_generic_lambdas
    Feature record: CXX_FEATURE:0cxx_inheriting_constructors
    Feature record: CXX_FEATURE:0cxx_inline_namespaces
    Feature record: CXX_FEATURE:0cxx_lambdas
    Feature record: CXX_FEATURE:0cxx_lambda_init_captures
    Feature record: CXX_FEATURE:0cxx_local_type_template_args
    Feature record: CXX_FEATURE:0cxx_long_long_type
    Feature record: CXX_FEATURE:0cxx_noexcept
    Feature record: CXX_FEATURE:0cxx_nonstatic_member_init
    Feature record: CXX_FEATURE:0cxx_nullptr
    Feature record: CXX_FEATURE:0cxx_override
    Feature record: CXX_FEATURE:0cxx_range_for
    Feature record: CXX_FEATURE:0cxx_raw_string_literals
    Feature record: CXX_FEATURE:0cxx_reference_qualified_functions
    Feature record: CXX_FEATURE:0cxx_relaxed_constexpr
    Feature record: CXX_FEATURE:0cxx_return_type_deduction
    Feature record: CXX_FEATURE:0cxx_right_angle_brackets
    Feature record: CXX_FEATURE:0cxx_rvalue_references
    Feature record: CXX_FEATURE:0cxx_sizeof_member
    Feature record: CXX_FEATURE:0cxx_static_assert
    Feature record: CXX_FEATURE:0cxx_strong_enums
    Feature record: CXX_FEATURE:1cxx_template_template_parameters
    Feature record: CXX_FEATURE:0cxx_thread_local
    Feature record: CXX_FEATURE:0cxx_trailing_return_types
    Feature record: CXX_FEATURE:0cxx_unicode_literals
    Feature record: CXX_FEATURE:0cxx_uniform_initialization
    Feature record: CXX_FEATURE:0cxx_unrestricted_unions
    Feature record: CXX_FEATURE:0cxx_user_literals
    Feature record: CXX_FEATURE:0cxx_variable_templates
    Feature record: CXX_FEATURE:0cxx_variadic_macros
    Feature record: CXX_FEATURE:0cxx_variadic_templates
Performing C++ SOURCE FILE Test standard_math_library_linked_to_automatically succeded with the following output:
Change Dir: /Users/akinori-i/Documents/Research/consensus/NLP/library/Eigen/eigen-eigen-ce5a455b34c0/scripts/CMakeFiles/CMakeTmp

Run Build Command:"/usr/bin/make" "cmTC_30222/fast"
/Applications/Xcode.app/Contents/Developer/usr/bin/make -f CMakeFiles/cmTC_30222.dir/build.make CMakeFiles/cmTC_30222.dir/build
Building CXX object CMakeFiles/cmTC_30222.dir/src.cxx.o
/Applications/Xcode.app/Contents/Developer/Toolchains/XcodeDefault.xctoolchain/usr/bin/c++     -Dstandard_math_library_linked_to_automatically   -o CMakeFiles/cmTC_30222.dir/src.cxx.o -c /Users/akinori-i/Documents/Research/consensus/NLP/library/Eigen/eigen-eigen-ce5a455b34c0/scripts/CMakeFiles/CMakeTmp/src.cxx
/Users/akinori-i/Documents/Research/consensus/NLP/library/Eigen/eigen-eigen-ce5a455b34c0/scripts/CMakeFiles/CMakeTmp/src.cxx:2:14: warning: ignoring return value of function declared with const attribute [-Wunused-value]
int main() { std::sin(0.0); std::log(0.0f); }
             ^~~~~~~~ ~~~
1 warning generated.
Linking CXX executable cmTC_30222
/opt/local/bin/cmake -E cmake_link_script CMakeFiles/cmTC_30222.dir/link.txt --verbose=1
/Applications/Xcode.app/Contents/Developer/Toolchains/XcodeDefault.xctoolchain/usr/bin/c++    -Dstandard_math_library_linked_to_automatically -Wl,-search_paths_first -Wl,-headerpad_max_install_names   CMakeFiles/cmTC_30222.dir/src.cxx.o  -o cmTC_30222  

Source file was:
#include<cmath>
int main() { std::sin(0.0); std::log(0.0f); }
Performing C++ SOURCE FILE Test COMPILER_SUPPORT_WERROR succeded with the following output:
Change Dir: /Users/akinori-i/Documents/Research/consensus/NLP/library/Eigen/eigen-eigen-ce5a455b34c0/scripts/CMakeFiles/CMakeTmp

Run Build Command:"/usr/bin/make" "cmTC_f7500/fast"
/Applications/Xcode.app/Contents/Developer/usr/bin/make -f CMakeFiles/cmTC_f7500.dir/build.make CMakeFiles/cmTC_f7500.dir/build
Building CXX object CMakeFiles/cmTC_f7500.dir/src.cxx.o
/Applications/Xcode.app/Contents/Developer/Toolchains/XcodeDefault.xctoolchain/usr/bin/c++     -DCOMPILER_SUPPORT_WERROR   -Werror -o CMakeFiles/cmTC_f7500.dir/src.cxx.o -c /Users/akinori-i/Documents/Research/consensus/NLP/library/Eigen/eigen-eigen-ce5a455b34c0/scripts/CMakeFiles/CMakeTmp/src.cxx
Linking CXX executable cmTC_f7500
/opt/local/bin/cmake -E cmake_link_script CMakeFiles/cmTC_f7500.dir/link.txt --verbose=1
/Applications/Xcode.app/Contents/Developer/Toolchains/XcodeDefault.xctoolchain/usr/bin/c++    -DCOMPILER_SUPPORT_WERROR -Wl,-search_paths_first -Wl,-headerpad_max_install_names   CMakeFiles/cmTC_f7500.dir/src.cxx.o  -o cmTC_f7500  

Source file was:
int main() { return 0; }
Performing C++ SOURCE FILE Test COMPILER_SUPPORT_pedantic succeded with the following output:
Change Dir: /Users/akinori-i/Documents/Research/consensus/NLP/library/Eigen/eigen-eigen-ce5a455b34c0/scripts/CMakeFiles/CMakeTmp

Run Build Command:"/usr/bin/make" "cmTC_bb2b2/fast"
/Applications/Xcode.app/Contents/Developer/usr/bin/make -f CMakeFiles/cmTC_bb2b2.dir/build.make CMakeFiles/cmTC_bb2b2.dir/build
Building CXX object CMakeFiles/cmTC_bb2b2.dir/src.cxx.o
/Applications/Xcode.app/Contents/Developer/Toolchains/XcodeDefault.xctoolchain/usr/bin/c++     -DCOMPILER_SUPPORT_pedantic -Werror   -pedantic -o CMakeFiles/cmTC_bb2b2.dir/src.cxx.o -c /Users/akinori-i/Documents/Research/consensus/NLP/library/Eigen/eigen-eigen-ce5a455b34c0/scripts/CMakeFiles/CMakeTmp/src.cxx
Linking CXX executable cmTC_bb2b2
/opt/local/bin/cmake -E cmake_link_script CMakeFiles/cmTC_bb2b2.dir/link.txt --verbose=1
/Applications/Xcode.app/Contents/Developer/Toolchains/XcodeDefault.xctoolchain/usr/bin/c++    -DCOMPILER_SUPPORT_pedantic -Werror -Wl,-search_paths_first -Wl,-headerpad_max_install_names   CMakeFiles/cmTC_bb2b2.dir/src.cxx.o  -o cmTC_bb2b2  

Source file was:
int main() { return 0; }
Performing C++ SOURCE FILE Test COMPILER_SUPPORT_Wall succeded with the following output:
Change Dir: /Users/akinori-i/Documents/Research/consensus/NLP/library/Eigen/eigen-eigen-ce5a455b34c0/scripts/CMakeFiles/CMakeTmp

Run Build Command:"/usr/bin/make" "cmTC_4cf87/fast"
/Applications/Xcode.app/Contents/Developer/usr/bin/make -f CMakeFiles/cmTC_4cf87.dir/build.make CMakeFiles/cmTC_4cf87.dir/build
Building CXX object CMakeFiles/cmTC_4cf87.dir/src.cxx.o
/Applications/Xcode.app/Contents/Developer/Toolchains/XcodeDefault.xctoolchain/usr/bin/c++     -pedantic -DCOMPILER_SUPPORT_Wall -Werror   -Wall -o CMakeFiles/cmTC_4cf87.dir/src.cxx.o -c /Users/akinori-i/Documents/Research/consensus/NLP/library/Eigen/eigen-eigen-ce5a455b34c0/scripts/CMakeFiles/CMakeTmp/src.cxx
Linking CXX executable cmTC_4cf87
/opt/local/bin/cmake -E cmake_link_script CMakeFiles/cmTC_4cf87.dir/link.txt --verbose=1
/Applications/Xcode.app/Contents/Developer/Toolchains/XcodeDefault.xctoolchain/usr/bin/c++    -pedantic -DCOMPILER_SUPPORT_Wall -Werror -Wl,-search_paths_first -Wl,-headerpad_max_install_names   CMakeFiles/cmTC_4cf87.dir/src.cxx.o  -o cmTC_4cf87  

Source file was:
int main() { return 0; }
Performing C++ SOURCE FILE Test COMPILER_SUPPORT_Wextra succeded with the following output:
Change Dir: /Users/akinori-i/Documents/Research/consensus/NLP/library/Eigen/eigen-eigen-ce5a455b34c0/scripts/CMakeFiles/CMakeTmp

Run Build Command:"/usr/bin/make" "cmTC_ba5a7/fast"
/Applications/Xcode.app/Contents/Developer/usr/bin/make -f CMakeFiles/cmTC_ba5a7.dir/build.make CMakeFiles/cmTC_ba5a7.dir/build
Building CXX object CMakeFiles/cmTC_ba5a7.dir/src.cxx.o
/Applications/Xcode.app/Contents/Developer/Toolchains/XcodeDefault.xctoolchain/usr/bin/c++     -pedantic -Wall -DCOMPILER_SUPPORT_Wextra -Werror   -Wextra -o CMakeFiles/cmTC_ba5a7.dir/src.cxx.o -c /Users/akinori-i/Documents/Research/consensus/NLP/library/Eigen/eigen-eigen-ce5a455b34c0/scripts/CMakeFiles/CMakeTmp/src.cxx
Linking CXX executable cmTC_ba5a7
/opt/local/bin/cmake -E cmake_link_script CMakeFiles/cmTC_ba5a7.dir/link.txt --verbose=1
/Applications/Xcode.app/Contents/Developer/Toolchains/XcodeDefault.xctoolchain/usr/bin/c++    -pedantic -Wall -DCOMPILER_SUPPORT_Wextra -Werror -Wl,-search_paths_first -Wl,-headerpad_max_install_names   CMakeFiles/cmTC_ba5a7.dir/src.cxx.o  -o cmTC_ba5a7  

Source file was:
int main() { return 0; }
Performing C++ SOURCE FILE Test COMPILER_SUPPORT_Wundef succeded with the following output:
Change Dir: /Users/akinori-i/Documents/Research/consensus/NLP/library/Eigen/eigen-eigen-ce5a455b34c0/scripts/CMakeFiles/CMakeTmp

Run Build Command:"/usr/bin/make" "cmTC_b75bc/fast"
/Applications/Xcode.app/Contents/Developer/usr/bin/make -f CMakeFiles/cmTC_b75bc.dir/build.make CMakeFiles/cmTC_b75bc.dir/build
Building CXX object CMakeFiles/cmTC_b75bc.dir/src.cxx.o
/Applications/Xcode.app/Contents/Developer/Toolchains/XcodeDefault.xctoolchain/usr/bin/c++     -pedantic -Wall -Wextra -DCOMPILER_SUPPORT_Wundef -Werror   -Wundef -o CMakeFiles/cmTC_b75bc.dir/src.cxx.o -c /Users/akinori-i/Documents/Research/consensus/NLP/library/Eigen/eigen-eigen-ce5a455b34c0/scripts/CMakeFiles/CMakeTmp/src.cxx
Linking CXX executable cmTC_b75bc
/opt/local/bin/cmake -E cmake_link_script CMakeFiles/cmTC_b75bc.dir/link.txt --verbose=1
/Applications/Xcode.app/Contents/Developer/Toolchains/XcodeDefault.xctoolchain/usr/bin/c++    -pedantic -Wall -Wextra -DCOMPILER_SUPPORT_Wundef -Werror -Wl,-search_paths_first -Wl,-headerpad_max_install_names   CMakeFiles/cmTC_b75bc.dir/src.cxx.o  -o cmTC_b75bc  

Source file was:
int main() { return 0; }
Performing C++ SOURCE FILE Test COMPILER_SUPPORT_Wcastalign succeded with the following output:
Change Dir: /Users/akinori-i/Documents/Research/consensus/NLP/library/Eigen/eigen-eigen-ce5a455b34c0/scripts/CMakeFiles/CMakeTmp

Run Build Command:"/usr/bin/make" "cmTC_60128/fast"
/Applications/Xcode.app/Contents/Developer/usr/bin/make -f CMakeFiles/cmTC_60128.dir/build.make CMakeFiles/cmTC_60128.dir/build
Building CXX object CMakeFiles/cmTC_60128.dir/src.cxx.o
/Applications/Xcode.app/Contents/Developer/Toolchains/XcodeDefault.xctoolchain/usr/bin/c++     -pedantic -Wall -Wextra -Wundef -DCOMPILER_SUPPORT_Wcastalign -Werror   -Wcast-align -o CMakeFiles/cmTC_60128.dir/src.cxx.o -c /Users/akinori-i/Documents/Research/consensus/NLP/library/Eigen/eigen-eigen-ce5a455b34c0/scripts/CMakeFiles/CMakeTmp/src.cxx
Linking CXX executable cmTC_60128
/opt/local/bin/cmake -E cmake_link_script CMakeFiles/cmTC_60128.dir/link.txt --verbose=1
/Applications/Xcode.app/Contents/Developer/Toolchains/XcodeDefault.xctoolchain/usr/bin/c++    -pedantic -Wall -Wextra -Wundef -DCOMPILER_SUPPORT_Wcastalign -Werror -Wl,-search_paths_first -Wl,-headerpad_max_install_names   CMakeFiles/cmTC_60128.dir/src.cxx.o  -o cmTC_60128  

Source file was:
int main() { return 0; }
Performing C++ SOURCE FILE Test COMPILER_SUPPORT_Wcharsubscripts succeded with the following output:
Change Dir: /Users/akinori-i/Documents/Research/consensus/NLP/library/Eigen/eigen-eigen-ce5a455b34c0/scripts/CMakeFiles/CMakeTmp

Run Build Command:"/usr/bin/make" "cmTC_06d8a/fast"
/Applications/Xcode.app/Contents/Developer/usr/bin/make -f CMakeFiles/cmTC_06d8a.dir/build.make CMakeFiles/cmTC_06d8a.dir/build
Building CXX object CMakeFiles/cmTC_06d8a.dir/src.cxx.o
/Applications/Xcode.app/Contents/Developer/Toolchains/XcodeDefault.xctoolchain/usr/bin/c++     -pedantic -Wall -Wextra -Wundef -Wcast-align -DCOMPILER_SUPPORT_Wcharsubscripts -Werror   -Wchar-subscripts -o CMakeFiles/cmTC_06d8a.dir/src.cxx.o -c /Users/akinori-i/Documents/Research/consensus/NLP/library/Eigen/eigen-eigen-ce5a455b34c0/scripts/CMakeFiles/CMakeTmp/src.cxx
Linking CXX executable cmTC_06d8a
/opt/local/bin/cmake -E cmake_link_script CMakeFiles/cmTC_06d8a.dir/link.txt --verbose=1
/Applications/Xcode.app/Contents/Developer/Toolchains/XcodeDefault.xctoolchain/usr/bin/c++    -pedantic -Wall -Wextra -Wundef -Wcast-align -DCOMPILER_SUPPORT_Wcharsubscripts -Werror -Wl,-search_paths_first -Wl,-headerpad_max_install_names   CMakeFiles/cmTC_06d8a.dir/src.cxx.o  -o cmTC_06d8a  

Source file was:
int main() { return 0; }
Performing C++ SOURCE FILE Test COMPILER_SUPPORT_Wnonvirtualdtor succeded with the following output:
Change Dir: /Users/akinori-i/Documents/Research/consensus/NLP/library/Eigen/eigen-eigen-ce5a455b34c0/scripts/CMakeFiles/CMakeTmp

Run Build Command:"/usr/bin/make" "cmTC_664cf/fast"
/Applications/Xcode.app/Contents/Developer/usr/bin/make -f CMakeFiles/cmTC_664cf.dir/build.make CMakeFiles/cmTC_664cf.dir/build
Building CXX object CMakeFiles/cmTC_664cf.dir/src.cxx.o
/Applications/Xcode.app/Contents/Developer/Toolchains/XcodeDefault.xctoolchain/usr/bin/c++     -pedantic -Wall -Wextra -Wundef -Wcast-align -Wchar-subscripts -DCOMPILER_SUPPORT_Wnonvirtualdtor -Werror   -Wnon-virtual-dtor -o CMakeFiles/cmTC_664cf.dir/src.cxx.o -c /Users/akinori-i/Documents/Research/consensus/NLP/library/Eigen/eigen-eigen-ce5a455b34c0/scripts/CMakeFiles/CMakeTmp/src.cxx
Linking CXX executable cmTC_664cf
/opt/local/bin/cmake -E cmake_link_script CMakeFiles/cmTC_664cf.dir/link.txt --verbose=1
/Applications/Xcode.app/Contents/Developer/Toolchains/XcodeDefault.xctoolchain/usr/bin/c++    -pedantic -Wall -Wextra -Wundef -Wcast-align -Wchar-subscripts -DCOMPILER_SUPPORT_Wnonvirtualdtor -Werror -Wl,-search_paths_first -Wl,-headerpad_max_install_names   CMakeFiles/cmTC_664cf.dir/src.cxx.o  -o cmTC_664cf  

Source file was:
int main() { return 0; }
Performing C++ SOURCE FILE Test COMPILER_SUPPORT_Wpointerarith succeded with the following output:
Change Dir: /Users/akinori-i/Documents/Research/consensus/NLP/library/Eigen/eigen-eigen-ce5a455b34c0/scripts/CMakeFiles/CMakeTmp

Run Build Command:"/usr/bin/make" "cmTC_1a471/fast"
/Applications/Xcode.app/Contents/Developer/usr/bin/make -f CMakeFiles/cmTC_1a471.dir/build.make CMakeFiles/cmTC_1a471.dir/build
Building CXX object CMakeFiles/cmTC_1a471.dir/src.cxx.o
/Applications/Xcode.app/Contents/Developer/Toolchains/XcodeDefault.xctoolchain/usr/bin/c++     -pedantic -Wall -Wextra -Wundef -Wcast-align -Wchar-subscripts -Wnon-virtual-dtor -DCOMPILER_SUPPORT_Wpointerarith -Werror   -Wpointer-arith -o CMakeFiles/cmTC_1a471.dir/src.cxx.o -c /Users/akinori-i/Documents/Research/consensus/NLP/library/Eigen/eigen-eigen-ce5a455b34c0/scripts/CMakeFiles/CMakeTmp/src.cxx
Linking CXX executable cmTC_1a471
/opt/local/bin/cmake -E cmake_link_script CMakeFiles/cmTC_1a471.dir/link.txt --verbose=1
/Applications/Xcode.app/Contents/Developer/Toolchains/XcodeDefault.xctoolchain/usr/bin/c++    -pedantic -Wall -Wextra -Wundef -Wcast-align -Wchar-subscripts -Wnon-virtual-dtor -DCOMPILER_SUPPORT_Wpointerarith -Werror -Wl,-search_paths_first -Wl,-headerpad_max_install_names   CMakeFiles/cmTC_1a471.dir/src.cxx.o  -o cmTC_1a471  

Source file was:
int main() { return 0; }
Performing C++ SOURCE FILE Test COMPILER_SUPPORT_Wwritestrings succeded with the following output:
Change Dir: /Users/akinori-i/Documents/Research/consensus/NLP/library/Eigen/eigen-eigen-ce5a455b34c0/scripts/CMakeFiles/CMakeTmp

Run Build Command:"/usr/bin/make" "cmTC_ac49b/fast"
/Applications/Xcode.app/Contents/Developer/usr/bin/make -f CMakeFiles/cmTC_ac49b.dir/build.make CMakeFiles/cmTC_ac49b.dir/build
Building CXX object CMakeFiles/cmTC_ac49b.dir/src.cxx.o
/Applications/Xcode.app/Contents/Developer/Toolchains/XcodeDefault.xctoolchain/usr/bin/c++     -pedantic -Wall -Wextra -Wundef -Wcast-align -Wchar-subscripts -Wnon-virtual-dtor -Wpointer-arith -DCOMPILER_SUPPORT_Wwritestrings -Werror   -Wwrite-strings -o CMakeFiles/cmTC_ac49b.dir/src.cxx.o -c /Users/akinori-i/Documents/Research/consensus/NLP/library/Eigen/eigen-eigen-ce5a455b34c0/scripts/CMakeFiles/CMakeTmp/src.cxx
Linking CXX executable cmTC_ac49b
/opt/local/bin/cmake -E cmake_link_script CMakeFiles/cmTC_ac49b.dir/link.txt --verbose=1
/Applications/Xcode.app/Contents/Developer/Toolchains/XcodeDefault.xctoolchain/usr/bin/c++    -pedantic -Wall -Wextra -Wundef -Wcast-align -Wchar-subscripts -Wnon-virtual-dtor -Wpointer-arith -DCOMPILER_SUPPORT_Wwritestrings -Werror -Wl,-search_paths_first -Wl,-headerpad_max_install_names   CMakeFiles/cmTC_ac49b.dir/src.cxx.o  -o cmTC_ac49b  

Source file was:
int main() { return 0; }
Performing C++ SOURCE FILE Test COMPILER_SUPPORT_Wformatsecurity succeded with the following output:
Change Dir: /Users/akinori-i/Documents/Research/consensus/NLP/library/Eigen/eigen-eigen-ce5a455b34c0/scripts/CMakeFiles/CMakeTmp

Run Build Command:"/usr/bin/make" "cmTC_a151e/fast"
/Applications/Xcode.app/Contents/Developer/usr/bin/make -f CMakeFiles/cmTC_a151e.dir/build.make CMakeFiles/cmTC_a151e.dir/build
Building CXX object CMakeFiles/cmTC_a151e.dir/src.cxx.o
/Applications/Xcode.app/Contents/Developer/Toolchains/XcodeDefault.xctoolchain/usr/bin/c++     -pedantic -Wall -Wextra -Wundef -Wcast-align -Wchar-subscripts -Wnon-virtual-dtor -Wpointer-arith -Wwrite-strings -DCOMPILER_SUPPORT_Wformatsecurity -Werror   -Wformat-security -o CMakeFiles/cmTC_a151e.dir/src.cxx.o -c /Users/akinori-i/Documents/Research/consensus/NLP/library/Eigen/eigen-eigen-ce5a455b34c0/scripts/CMakeFiles/CMakeTmp/src.cxx
Linking CXX executable cmTC_a151e
/opt/local/bin/cmake -E cmake_link_script CMakeFiles/cmTC_a151e.dir/link.txt --verbose=1
/Applications/Xcode.app/Contents/Developer/Toolchains/XcodeDefault.xctoolchain/usr/bin/c++    -pedantic -Wall -Wextra -Wundef -Wcast-align -Wchar-subscripts -Wnon-virtual-dtor -Wpointer-arith -Wwrite-strings -DCOMPILER_SUPPORT_Wformatsecurity -Werror -Wl,-search_paths_first -Wl,-headerpad_max_install_names   CMakeFiles/cmTC_a151e.dir/src.cxx.o  -o cmTC_a151e  

Source file was:
int main() { return 0; }
Performing C++ SOURCE FILE Test COMPILER_SUPPORT_Wshorten64to32 succeded with the following output:
Change Dir: /Users/akinori-i/Documents/Research/consensus/NLP/library/Eigen/eigen-eigen-ce5a455b34c0/scripts/CMakeFiles/CMakeTmp

Run Build Command:"/usr/bin/make" "cmTC_bc23f/fast"
/Applications/Xcode.app/Contents/Developer/usr/bin/make -f CMakeFiles/cmTC_bc23f.dir/build.make CMakeFiles/cmTC_bc23f.dir/build
Building CXX object CMakeFiles/cmTC_bc23f.dir/src.cxx.o
/Applications/Xcode.app/Contents/Developer/Toolchains/XcodeDefault.xctoolchain/usr/bin/c++     -pedantic -Wall -Wextra -Wundef -Wcast-align -Wchar-subscripts -Wnon-virtual-dtor -Wpointer-arith -Wwrite-strings -Wformat-security -DCOMPILER_SUPPORT_Wshorten64to32 -Werror   -Wshorten-64-to-32 -o CMakeFiles/cmTC_bc23f.dir/src.cxx.o -c /Users/akinori-i/Documents/Research/consensus/NLP/library/Eigen/eigen-eigen-ce5a455b34c0/scripts/CMakeFiles/CMakeTmp/src.cxx
Linking CXX executable cmTC_bc23f
/opt/local/bin/cmake -E cmake_link_script CMakeFiles/cmTC_bc23f.dir/link.txt --verbose=1
/Applications/Xcode.app/Contents/Developer/Toolchains/XcodeDefault.xctoolchain/usr/bin/c++    -pedantic -Wall -Wextra -Wundef -Wcast-align -Wchar-subscripts -Wnon-virtual-dtor -Wpointer-arith -Wwrite-strings -Wformat-security -DCOMPILER_SUPPORT_Wshorten64to32 -Werror -Wl,-search_paths_first -Wl,-headerpad_max_install_names   CMakeFiles/cmTC_bc23f.dir/src.cxx.o  -o cmTC_bc23f  

Source file was:
int main() { return 0; }
Performing C++ SOURCE FILE Test COMPILER_SUPPORT_Wenumconversion succeded with the following output:
Change Dir: /Users/akinori-i/Documents/Research/consensus/NLP/library/Eigen/eigen-eigen-ce5a455b34c0/scripts/CMakeFiles/CMakeTmp

Run Build Command:"/usr/bin/make" "cmTC_a68ad/fast"
/Applications/Xcode.app/Contents/Developer/usr/bin/make -f CMakeFiles/cmTC_a68ad.dir/build.make CMakeFiles/cmTC_a68ad.dir/build
Building CXX object CMakeFiles/cmTC_a68ad.dir/src.cxx.o
/Applications/Xcode.app/Contents/Developer/Toolchains/XcodeDefault.xctoolchain/usr/bin/c++     -pedantic -Wall -Wextra -Wundef -Wcast-align -Wchar-subscripts -Wnon-virtual-dtor -Wpointer-arith -Wwrite-strings -Wformat-security -Wshorten-64-to-32 -DCOMPILER_SUPPORT_Wenumconversion -Werror   -Wenum-conversion -o CMakeFiles/cmTC_a68ad.dir/src.cxx.o -c /Users/akinori-i/Documents/Research/consensus/NLP/library/Eigen/eigen-eigen-ce5a455b34c0/scripts/CMakeFiles/CMakeTmp/src.cxx
Linking CXX executable cmTC_a68ad
/opt/local/bin/cmake -E cmake_link_script CMakeFiles/cmTC_a68ad.dir/link.txt --verbose=1
/Applications/Xcode.app/Contents/Developer/Toolchains/XcodeDefault.xctoolchain/usr/bin/c++    -pedantic -Wall -Wextra -Wundef -Wcast-align -Wchar-subscripts -Wnon-virtual-dtor -Wpointer-arith -Wwrite-strings -Wformat-security -Wshorten-64-to-32 -DCOMPILER_SUPPORT_Wenumconversion -Werror -Wl,-search_paths_first -Wl,-headerpad_max_install_names   CMakeFiles/cmTC_a68ad.dir/src.cxx.o  -o cmTC_a68ad  

Source file was:
int main() { return 0; }
Performing C++ SOURCE FILE Test COMPILER_SUPPORT_Wcpp11extensions succeded with the following output:
Change Dir: /Users/akinori-i/Documents/Research/consensus/NLP/library/Eigen/eigen-eigen-ce5a455b34c0/scripts/CMakeFiles/CMakeTmp

Run Build Command:"/usr/bin/make" "cmTC_ccfbf/fast"
/Applications/Xcode.app/Contents/Developer/usr/bin/make -f CMakeFiles/cmTC_ccfbf.dir/build.make CMakeFiles/cmTC_ccfbf.dir/build
Building CXX object CMakeFiles/cmTC_ccfbf.dir/src.cxx.o
/Applications/Xcode.app/Contents/Developer/Toolchains/XcodeDefault.xctoolchain/usr/bin/c++     -pedantic -Wall -Wextra -Wundef -Wcast-align -Wchar-subscripts -Wnon-virtual-dtor -Wpointer-arith -Wwrite-strings -Wformat-security -Wshorten-64-to-32 -Wenum-conversion -DCOMPILER_SUPPORT_Wcpp11extensions -Werror   -Wc++11-extensions -o CMakeFiles/cmTC_ccfbf.dir/src.cxx.o -c /Users/akinori-i/Documents/Research/consensus/NLP/library/Eigen/eigen-eigen-ce5a455b34c0/scripts/CMakeFiles/CMakeTmp/src.cxx
Linking CXX executable cmTC_ccfbf
/opt/local/bin/cmake -E cmake_link_script CMakeFiles/cmTC_ccfbf.dir/link.txt --verbose=1
/Applications/Xcode.app/Contents/Developer/Toolchains/XcodeDefault.xctoolchain/usr/bin/c++    -pedantic -Wall -Wextra -Wundef -Wcast-align -Wchar-subscripts -Wnon-virtual-dtor -Wpointer-arith -Wwrite-strings -Wformat-security -Wshorten-64-to-32 -Wenum-conversion -DCOMPILER_SUPPORT_Wcpp11extensions -Werror -Wl,-search_paths_first -Wl,-headerpad_max_install_names   CMakeFiles/cmTC_ccfbf.dir/src.cxx.o  -o cmTC_ccfbf  

Source file was:
int main() { return 0; }
Performing C++ SOURCE FILE Test COMPILER_SUPPORT_Wshadow succeded with the following output:
Change Dir: /Users/akinori-i/Documents/Research/consensus/NLP/library/Eigen/eigen-eigen-ce5a455b34c0/scripts/CMakeFiles/CMakeTmp

Run Build Command:"/usr/bin/make" "cmTC_0b49c/fast"
/Applications/Xcode.app/Contents/Developer/usr/bin/make -f CMakeFiles/cmTC_0b49c.dir/build.make CMakeFiles/cmTC_0b49c.dir/build
Building CXX object CMakeFiles/cmTC_0b49c.dir/src.cxx.o
/Applications/Xcode.app/Contents/Developer/Toolchains/XcodeDefault.xctoolchain/usr/bin/c++     -pedantic -Wall -Wextra -Wundef -Wcast-align -Wchar-subscripts -Wnon-virtual-dtor -Wpointer-arith -Wwrite-strings -Wformat-security -Wshorten-64-to-32 -Wenum-conversion -Wc++11-extensions -DCOMPILER_SUPPORT_Wshadow -Werror   -Wshadow -o CMakeFiles/cmTC_0b49c.dir/src.cxx.o -c /Users/akinori-i/Documents/Research/consensus/NLP/library/Eigen/eigen-eigen-ce5a455b34c0/scripts/CMakeFiles/CMakeTmp/src.cxx
Linking CXX executable cmTC_0b49c
/opt/local/bin/cmake -E cmake_link_script CMakeFiles/cmTC_0b49c.dir/link.txt --verbose=1
/Applications/Xcode.app/Contents/Developer/Toolchains/XcodeDefault.xctoolchain/usr/bin/c++    -pedantic -Wall -Wextra -Wundef -Wcast-align -Wchar-subscripts -Wnon-virtual-dtor -Wpointer-arith -Wwrite-strings -Wformat-security -Wshorten-64-to-32 -Wenum-conversion -Wc++11-extensions -DCOMPILER_SUPPORT_Wshadow -Werror -Wl,-search_paths_first -Wl,-headerpad_max_install_names   CMakeFiles/cmTC_0b49c.dir/src.cxx.o  -o cmTC_0b49c  

Source file was:
int main() { return 0; }
Performing C++ SOURCE FILE Test COMPILER_SUPPORT_Wnovariadicmacros succeded with the following output:
Change Dir: /Users/akinori-i/Documents/Research/consensus/NLP/library/Eigen/eigen-eigen-ce5a455b34c0/scripts/CMakeFiles/CMakeTmp

Run Build Command:"/usr/bin/make" "cmTC_6a9a0/fast"
/Applications/Xcode.app/Contents/Developer/usr/bin/make -f CMakeFiles/cmTC_6a9a0.dir/build.make CMakeFiles/cmTC_6a9a0.dir/build
Building CXX object CMakeFiles/cmTC_6a9a0.dir/src.cxx.o
/Applications/Xcode.app/Contents/Developer/Toolchains/XcodeDefault.xctoolchain/usr/bin/c++     -pedantic -Wall -Wextra -Wundef -Wcast-align -Wchar-subscripts -Wnon-virtual-dtor -Wpointer-arith -Wwrite-strings -Wformat-security -Wshorten-64-to-32 -Wenum-conversion -Wc++11-extensions -Wshadow -DCOMPILER_SUPPORT_Wnovariadicmacros -Werror   -Wno-variadic-macros -o CMakeFiles/cmTC_6a9a0.dir/src.cxx.o -c /Users/akinori-i/Documents/Research/consensus/NLP/library/Eigen/eigen-eigen-ce5a455b34c0/scripts/CMakeFiles/CMakeTmp/src.cxx
Linking CXX executable cmTC_6a9a0
/opt/local/bin/cmake -E cmake_link_script CMakeFiles/cmTC_6a9a0.dir/link.txt --verbose=1
/Applications/Xcode.app/Contents/Developer/Toolchains/XcodeDefault.xctoolchain/usr/bin/c++    -pedantic -Wall -Wextra -Wundef -Wcast-align -Wchar-subscripts -Wnon-virtual-dtor -Wpointer-arith -Wwrite-strings -Wformat-security -Wshorten-64-to-32 -Wenum-conversion -Wc++11-extensions -Wshadow -DCOMPILER_SUPPORT_Wnovariadicmacros -Werror -Wl,-search_paths_first -Wl,-headerpad_max_install_names   CMakeFiles/cmTC_6a9a0.dir/src.cxx.o  -o cmTC_6a9a0  

Source file was:
int main() { return 0; }
Performing C++ SOURCE FILE Test COMPILER_SUPPORT_Wnolonglong succeded with the following output:
Change Dir: /Users/akinori-i/Documents/Research/consensus/NLP/library/Eigen/eigen-eigen-ce5a455b34c0/scripts/CMakeFiles/CMakeTmp

Run Build Command:"/usr/bin/make" "cmTC_d7e7c/fast"
/Applications/Xcode.app/Contents/Developer/usr/bin/make -f CMakeFiles/cmTC_d7e7c.dir/build.make CMakeFiles/cmTC_d7e7c.dir/build
Building CXX object CMakeFiles/cmTC_d7e7c.dir/src.cxx.o
/Applications/Xcode.app/Contents/Developer/Toolchains/XcodeDefault.xctoolchain/usr/bin/c++     -pedantic -Wall -Wextra -Wundef -Wcast-align -Wchar-subscripts -Wnon-virtual-dtor -Wpointer-arith -Wwrite-strings -Wformat-security -Wshorten-64-to-32 -Wenum-conversion -Wc++11-extensions -Wshadow -Wno-variadic-macros -DCOMPILER_SUPPORT_Wnolonglong -Werror   -Wno-long-long -o CMakeFiles/cmTC_d7e7c.dir/src.cxx.o -c /Users/akinori-i/Documents/Research/consensus/NLP/library/Eigen/eigen-eigen-ce5a455b34c0/scripts/CMakeFiles/CMakeTmp/src.cxx
Linking CXX executable cmTC_d7e7c
/opt/local/bin/cmake -E cmake_link_script CMakeFiles/cmTC_d7e7c.dir/link.txt --verbose=1
/Applications/Xcode.app/Contents/Developer/Toolchains/XcodeDefault.xctoolchain/usr/bin/c++    -pedantic -Wall -Wextra -Wundef -Wcast-align -Wchar-subscripts -Wnon-virtual-dtor -Wpointer-arith -Wwrite-strings -Wformat-security -Wshorten-64-to-32 -Wenum-conversion -Wc++11-extensions -Wshadow -Wno-variadic-macros -DCOMPILER_SUPPORT_Wnolonglong -Werror -Wl,-search_paths_first -Wl,-headerpad_max_install_names   CMakeFiles/cmTC_d7e7c.dir/src.cxx.o  -o cmTC_d7e7c  

Source file was:
int main() { return 0; }
Performing C++ SOURCE FILE Test COMPILER_SUPPORT_fnochecknew succeded with the following output:
Change Dir: /Users/akinori-i/Documents/Research/consensus/NLP/library/Eigen/eigen-eigen-ce5a455b34c0/scripts/CMakeFiles/CMakeTmp

Run Build Command:"/usr/bin/make" "cmTC_4e9e5/fast"
/Applications/Xcode.app/Contents/Developer/usr/bin/make -f CMakeFiles/cmTC_4e9e5.dir/build.make CMakeFiles/cmTC_4e9e5.dir/build
Building CXX object CMakeFiles/cmTC_4e9e5.dir/src.cxx.o
/Applications/Xcode.app/Contents/Developer/Toolchains/XcodeDefault.xctoolchain/usr/bin/c++     -pedantic -Wall -Wextra -Wundef -Wcast-align -Wchar-subscripts -Wnon-virtual-dtor -Wpointer-arith -Wwrite-strings -Wformat-security -Wshorten-64-to-32 -Wenum-conversion -Wc++11-extensions -Wshadow -Wno-variadic-macros -Wno-long-long -DCOMPILER_SUPPORT_fnochecknew -Werror   -fno-check-new -o CMakeFiles/cmTC_4e9e5.dir/src.cxx.o -c /Users/akinori-i/Documents/Research/consensus/NLP/library/Eigen/eigen-eigen-ce5a455b34c0/scripts/CMakeFiles/CMakeTmp/src.cxx
Linking CXX executable cmTC_4e9e5
/opt/local/bin/cmake -E cmake_link_script CMakeFiles/cmTC_4e9e5.dir/link.txt --verbose=1
/Applications/Xcode.app/Contents/Developer/Toolchains/XcodeDefault.xctoolchain/usr/bin/c++    -pedantic -Wall -Wextra -Wundef -Wcast-align -Wchar-subscripts -Wnon-virtual-dtor -Wpointer-arith -Wwrite-strings -Wformat-security -Wshorten-64-to-32 -Wenum-conversion -Wc++11-extensions -Wshadow -Wno-variadic-macros -Wno-long-long -DCOMPILER_SUPPORT_fnochecknew -Werror -Wl,-search_paths_first -Wl,-headerpad_max_install_names   CMakeFiles/cmTC_4e9e5.dir/src.cxx.o  -o cmTC_4e9e5  

Source file was:
int main() { return 0; }
Performing C++ SOURCE FILE Test COMPILER_SUPPORT_fnocommon succeded with the following output:
Change Dir: /Users/akinori-i/Documents/Research/consensus/NLP/library/Eigen/eigen-eigen-ce5a455b34c0/scripts/CMakeFiles/CMakeTmp

Run Build Command:"/usr/bin/make" "cmTC_88606/fast"
/Applications/Xcode.app/Contents/Developer/usr/bin/make -f CMakeFiles/cmTC_88606.dir/build.make CMakeFiles/cmTC_88606.dir/build
Building CXX object CMakeFiles/cmTC_88606.dir/src.cxx.o
/Applications/Xcode.app/Contents/Developer/Toolchains/XcodeDefault.xctoolchain/usr/bin/c++     -pedantic -Wall -Wextra -Wundef -Wcast-align -Wchar-subscripts -Wnon-virtual-dtor -Wpointer-arith -Wwrite-strings -Wformat-security -Wshorten-64-to-32 -Wenum-conversion -Wc++11-extensions -Wshadow -Wno-variadic-macros -Wno-long-long -fno-check-new -DCOMPILER_SUPPORT_fnocommon -Werror   -fno-common -o CMakeFiles/cmTC_88606.dir/src.cxx.o -c /Users/akinori-i/Documents/Research/consensus/NLP/library/Eigen/eigen-eigen-ce5a455b34c0/scripts/CMakeFiles/CMakeTmp/src.cxx
Linking CXX executable cmTC_88606
/opt/local/bin/cmake -E cmake_link_script CMakeFiles/cmTC_88606.dir/link.txt --verbose=1
/Applications/Xcode.app/Contents/Developer/Toolchains/XcodeDefault.xctoolchain/usr/bin/c++    -pedantic -Wall -Wextra -Wundef -Wcast-align -Wchar-subscripts -Wnon-virtual-dtor -Wpointer-arith -Wwrite-strings -Wformat-security -Wshorten-64-to-32 -Wenum-conversion -Wc++11-extensions -Wshadow -Wno-variadic-macros -Wno-long-long -fno-check-new -DCOMPILER_SUPPORT_fnocommon -Werror -Wl,-search_paths_first -Wl,-headerpad_max_install_names   CMakeFiles/cmTC_88606.dir/src.cxx.o  -o cmTC_88606  

Source file was:
int main() { return 0; }
Performing C++ SOURCE FILE Test COMPILER_SUPPORT_fstrictaliasing succeded with the following output:
Change Dir: /Users/akinori-i/Documents/Research/consensus/NLP/library/Eigen/eigen-eigen-ce5a455b34c0/scripts/CMakeFiles/CMakeTmp

Run Build Command:"/usr/bin/make" "cmTC_75779/fast"
/Applications/Xcode.app/Contents/Developer/usr/bin/make -f CMakeFiles/cmTC_75779.dir/build.make CMakeFiles/cmTC_75779.dir/build
Building CXX object CMakeFiles/cmTC_75779.dir/src.cxx.o
/Applications/Xcode.app/Contents/Developer/Toolchains/XcodeDefault.xctoolchain/usr/bin/c++     -pedantic -Wall -Wextra -Wundef -Wcast-align -Wchar-subscripts -Wnon-virtual-dtor -Wpointer-arith -Wwrite-strings -Wformat-security -Wshorten-64-to-32 -Wenum-conversion -Wc++11-extensions -Wshadow -Wno-variadic-macros -Wno-long-long -fno-check-new -fno-common -DCOMPILER_SUPPORT_fstrictaliasing -Werror   -fstrict-aliasing -o CMakeFiles/cmTC_75779.dir/src.cxx.o -c /Users/akinori-i/Documents/Research/consensus/NLP/library/Eigen/eigen-eigen-ce5a455b34c0/scripts/CMakeFiles/CMakeTmp/src.cxx
Linking CXX executable cmTC_75779
/opt/local/bin/cmake -E cmake_link_script CMakeFiles/cmTC_75779.dir/link.txt --verbose=1
/Applications/Xcode.app/Contents/Developer/Toolchains/XcodeDefault.xctoolchain/usr/bin/c++    -pedantic -Wall -Wextra -Wundef -Wcast-align -Wchar-subscripts -Wnon-virtual-dtor -Wpointer-arith -Wwrite-strings -Wformat-security -Wshorten-64-to-32 -Wenum-conversion -Wc++11-extensions -Wshadow -Wno-variadic-macros -Wno-long-long -fno-check-new -fno-common -DCOMPILER_SUPPORT_fstrictaliasing -Werror -Wl,-search_paths_first -Wl,-headerpad_max_install_names   CMakeFiles/cmTC_75779.dir/src.cxx.o  -o cmTC_75779  

Source file was:
int main() { return 0; }
Performing C++ SOURCE FILE Test COMPILER_SUPPORT_Qunusedarguments succeded with the following output:
Change Dir: /Users/akinori-i/Documents/Research/consensus/NLP/library/Eigen/eigen-eigen-ce5a455b34c0/scripts/CMakeFiles/CMakeTmp

Run Build Command:"/usr/bin/make" "cmTC_6c625/fast"
/Applications/Xcode.app/Contents/Developer/usr/bin/make -f CMakeFiles/cmTC_6c625.dir/build.make CMakeFiles/cmTC_6c625.dir/build
Building CXX object CMakeFiles/cmTC_6c625.dir/src.cxx.o
/Applications/Xcode.app/Contents/Developer/Toolchains/XcodeDefault.xctoolchain/usr/bin/c++     -pedantic -Wall -Wextra -Wundef -Wcast-align -Wchar-subscripts -Wnon-virtual-dtor -Wpointer-arith -Wwrite-strings -Wformat-security -Wshorten-64-to-32 -Wenum-conversion -Wc++11-extensions -Wshadow -Wno-variadic-macros -Wno-long-long -fno-check-new -fno-common -fstrict-aliasing -DCOMPILER_SUPPORT_Qunusedarguments -Werror   -Qunused-arguments -o CMakeFiles/cmTC_6c625.dir/src.cxx.o -c /Users/akinori-i/Documents/Research/consensus/NLP/library/Eigen/eigen-eigen-ce5a455b34c0/scripts/CMakeFiles/CMakeTmp/src.cxx
Linking CXX executable cmTC_6c625
/opt/local/bin/cmake -E cmake_link_script CMakeFiles/cmTC_6c625.dir/link.txt --verbose=1
/Applications/Xcode.app/Contents/Developer/Toolchains/XcodeDefault.xctoolchain/usr/bin/c++    -pedantic -Wall -Wextra -Wundef -Wcast-align -Wchar-subscripts -Wnon-virtual-dtor -Wpointer-arith -Wwrite-strings -Wformat-security -Wshorten-64-to-32 -Wenum-conversion -Wc++11-extensions -Wshadow -Wno-variadic-macros -Wno-long-long -fno-check-new -fno-common -fstrict-aliasing -DCOMPILER_SUPPORT_Qunusedarguments -Werror -Wl,-search_paths_first -Wl,-headerpad_max_install_names   CMakeFiles/cmTC_6c625.dir/src.cxx.o  -o cmTC_6c625  

Source file was:
int main() { return 0; }
Performing C++ SOURCE FILE Test COMPILER_SUPPORT_ansi succeded with the following output:
Change Dir: /Users/akinori-i/Documents/Research/consensus/NLP/library/Eigen/eigen-eigen-ce5a455b34c0/scripts/CMakeFiles/CMakeTmp

Run Build Command:"/usr/bin/make" "cmTC_b72c5/fast"
/Applications/Xcode.app/Contents/Developer/usr/bin/make -f CMakeFiles/cmTC_b72c5.dir/build.make CMakeFiles/cmTC_b72c5.dir/build
Building CXX object CMakeFiles/cmTC_b72c5.dir/src.cxx.o
/Applications/Xcode.app/Contents/Developer/Toolchains/XcodeDefault.xctoolchain/usr/bin/c++     -pedantic -Wall -Wextra -Wundef -Wcast-align -Wchar-subscripts -Wnon-virtual-dtor -Wpointer-arith -Wwrite-strings -Wformat-security -Wshorten-64-to-32 -Wenum-conversion -Wc++11-extensions -Wshadow -Wno-variadic-macros -Wno-long-long -fno-check-new -fno-common -fstrict-aliasing -Qunused-arguments -DCOMPILER_SUPPORT_ansi -Werror   -ansi -o CMakeFiles/cmTC_b72c5.dir/src.cxx.o -c /Users/akinori-i/Documents/Research/consensus/NLP/library/Eigen/eigen-eigen-ce5a455b34c0/scripts/CMakeFiles/CMakeTmp/src.cxx
Linking CXX executable cmTC_b72c5
/opt/local/bin/cmake -E cmake_link_script CMakeFiles/cmTC_b72c5.dir/link.txt --verbose=1
/Applications/Xcode.app/Contents/Developer/Toolchains/XcodeDefault.xctoolchain/usr/bin/c++    -pedantic -Wall -Wextra -Wundef -Wcast-align -Wchar-subscripts -Wnon-virtual-dtor -Wpointer-arith -Wwrite-strings -Wformat-security -Wshorten-64-to-32 -Wenum-conversion -Wc++11-extensions -Wshadow -Wno-variadic-macros -Wno-long-long -fno-check-new -fno-common -fstrict-aliasing -Qunused-arguments -DCOMPILER_SUPPORT_ansi -Werror -Wl,-search_paths_first -Wl,-headerpad_max_install_names   CMakeFiles/cmTC_b72c5.dir/src.cxx.o  -o cmTC_b72c5  

Source file was:
int main() { return 0; }
Performing C++ SOURCE FILE Test COMPILER_SUPPORT_OPENMP succeded with the following output:
Change Dir: /Users/akinori-i/Documents/Research/consensus/NLP/library/Eigen/eigen-eigen-ce5a455b34c0/scripts/CMakeFiles/CMakeTmp

Run Build Command:"/usr/bin/make" "cmTC_e6a2f/fast"
/Applications/Xcode.app/Contents/Developer/usr/bin/make -f CMakeFiles/cmTC_e6a2f.dir/build.make CMakeFiles/cmTC_e6a2f.dir/build
Building CXX object CMakeFiles/cmTC_e6a2f.dir/src.cxx.o
/Applications/Xcode.app/Contents/Developer/Toolchains/XcodeDefault.xctoolchain/usr/bin/c++     -pedantic -Wall -Wextra -Wundef -Wcast-align -Wchar-subscripts -Wnon-virtual-dtor -Wpointer-arith -Wwrite-strings -Wformat-security -Wshorten-64-to-32 -Wenum-conversion -Wc++11-extensions -Wshadow -Wno-variadic-macros -Wno-long-long -fno-check-new -fno-common -fstrict-aliasing -Qunused-arguments -ansi -DCOMPILER_SUPPORT_OPENMP   -fopenmp -o CMakeFiles/cmTC_e6a2f.dir/src.cxx.o -c /Users/akinori-i/Documents/Research/consensus/NLP/library/Eigen/eigen-eigen-ce5a455b34c0/scripts/CMakeFiles/CMakeTmp/src.cxx
Linking CXX executable cmTC_e6a2f
/opt/local/bin/cmake -E cmake_link_script CMakeFiles/cmTC_e6a2f.dir/link.txt --verbose=1
/Applications/Xcode.app/Contents/Developer/Toolchains/XcodeDefault.xctoolchain/usr/bin/c++    -pedantic -Wall -Wextra -Wundef -Wcast-align -Wchar-subscripts -Wnon-virtual-dtor -Wpointer-arith -Wwrite-strings -Wformat-security -Wshorten-64-to-32 -Wenum-conversion -Wc++11-extensions -Wshadow -Wno-variadic-macros -Wno-long-long -fno-check-new -fno-common -fstrict-aliasing -Qunused-arguments -ansi -DCOMPILER_SUPPORT_OPENMP -Wl,-search_paths_first -Wl,-headerpad_max_install_names   CMakeFiles/cmTC_e6a2f.dir/src.cxx.o  -o cmTC_e6a2f  

Source file was:
int main() { return 0; }
Performing C++ SOURCE FILE Test EIGEN_COMPILER_SUPPORT_CPP11 succeded with the following output:
Change Dir: /Users/akinori-i/Documents/Research/consensus/NLP/library/Eigen/eigen-eigen-ce5a455b34c0/scripts/CMakeFiles/CMakeTmp

Run Build Command:"/usr/bin/make" "cmTC_742d9/fast"
/Applications/Xcode.app/Contents/Developer/usr/bin/make -f CMakeFiles/cmTC_742d9.dir/build.make CMakeFiles/cmTC_742d9.dir/build
Building CXX object CMakeFiles/cmTC_742d9.dir/src.cxx.o
/Applications/Xcode.app/Contents/Developer/Toolchains/XcodeDefault.xctoolchain/usr/bin/c++     -pedantic -Wall -Wextra -Wundef -Wcast-align -Wchar-subscripts -Wnon-virtual-dtor -Wpointer-arith -Wwrite-strings -Wformat-security -Wshorten-64-to-32 -Wenum-conversion -Wc++11-extensions -Wshadow -Wno-variadic-macros -Wno-long-long -fno-check-new -fno-common -fstrict-aliasing -Qunused-arguments -ansi -DEIGEN_COMPILER_SUPPORT_CPP11   -std=c++11 -o CMakeFiles/cmTC_742d9.dir/src.cxx.o -c /Users/akinori-i/Documents/Research/consensus/NLP/library/Eigen/eigen-eigen-ce5a455b34c0/scripts/CMakeFiles/CMakeTmp/src.cxx
Linking CXX executable cmTC_742d9
/opt/local/bin/cmake -E cmake_link_script CMakeFiles/cmTC_742d9.dir/link.txt --verbose=1
/Applications/Xcode.app/Contents/Developer/Toolchains/XcodeDefault.xctoolchain/usr/bin/c++    -pedantic -Wall -Wextra -Wundef -Wcast-align -Wchar-subscripts -Wnon-virtual-dtor -Wpointer-arith -Wwrite-strings -Wformat-security -Wshorten-64-to-32 -Wenum-conversion -Wc++11-extensions -Wshadow -Wno-variadic-macros -Wno-long-long -fno-check-new -fno-common -fstrict-aliasing -Qunused-arguments -ansi -DEIGEN_COMPILER_SUPPORT_CPP11 -Wl,-search_paths_first -Wl,-headerpad_max_install_names   CMakeFiles/cmTC_742d9.dir/src.cxx.o  -o cmTC_742d9  

Source file was:
int main() { return 0; }
Performing C++ SOURCE FILE Test EIGEN_COMPILER_SUPPORT_CXX11 succeded with the following output:
Change Dir: /Users/akinori-i/Documents/Research/consensus/NLP/library/Eigen/eigen-eigen-ce5a455b34c0/scripts/CMakeFiles/CMakeTmp

Run Build Command:"/usr/bin/make" "cmTC_c5f01/fast"
/Applications/Xcode.app/Contents/Developer/usr/bin/make -f CMakeFiles/cmTC_c5f01.dir/build.make CMakeFiles/cmTC_c5f01.dir/build
Building CXX object CMakeFiles/cmTC_c5f01.dir/src.cxx.o
/Applications/Xcode.app/Contents/Developer/Toolchains/XcodeDefault.xctoolchain/usr/bin/c++     -pedantic -Wall -Wextra -Wundef -Wcast-align -Wchar-subscripts -Wnon-virtual-dtor -Wpointer-arith -Wwrite-strings -Wformat-security -Wshorten-64-to-32 -Wenum-conversion -Wc++11-extensions -Wshadow -Wno-variadic-macros -Wno-long-long -fno-check-new -fno-common -fstrict-aliasing -Qunused-arguments -ansi -DEIGEN_COMPILER_SUPPORT_CXX11   -std=c++11 -o CMakeFiles/cmTC_c5f01.dir/src.cxx.o -c /Users/akinori-i/Documents/Research/consensus/NLP/library/Eigen/eigen-eigen-ce5a455b34c0/scripts/CMakeFiles/CMakeTmp/src.cxx
Linking CXX executable cmTC_c5f01
/opt/local/bin/cmake -E cmake_link_script CMakeFiles/cmTC_c5f01.dir/link.txt --verbose=1
/Applications/Xcode.app/Contents/Developer/Toolchains/XcodeDefault.xctoolchain/usr/bin/c++    -pedantic -Wall -Wextra -Wundef -Wcast-align -Wchar-subscripts -Wnon-virtual-dtor -Wpointer-arith -Wwrite-strings -Wformat-security -Wshorten-64-to-32 -Wenum-conversion -Wc++11-extensions -Wshadow -Wno-variadic-macros -Wno-long-long -fno-check-new -fno-common -fstrict-aliasing -Qunused-arguments -ansi -DEIGEN_COMPILER_SUPPORT_CXX11 -Wl,-search_paths_first -Wl,-headerpad_max_install_names   CMakeFiles/cmTC_c5f01.dir/src.cxx.o  -o cmTC_c5f01  

Source file was:
int main() { return 0; }
Determining if the function sgemm_ exists passed with the following output:
Change Dir: /Users/akinori-i/Documents/Research/consensus/NLP/library/Eigen/eigen-eigen-ce5a455b34c0/scripts/CMakeFiles/CMakeTmp

Run Build Command:"/usr/bin/make" "cmTC_a11ca/fast"
/Applications/Xcode.app/Contents/Developer/usr/bin/make -f CMakeFiles/cmTC_a11ca.dir/build.make CMakeFiles/cmTC_a11ca.dir/build
Building C object CMakeFiles/cmTC_a11ca.dir/CheckFunctionExists.c.o
/Applications/Xcode.app/Contents/Developer/Toolchains/XcodeDefault.xctoolchain/usr/bin/cc  -DBLAS_USE_F2C  -DCHECK_FUNCTION_EXISTS=sgemm_   -o CMakeFiles/cmTC_a11ca.dir/CheckFunctionExists.c.o   -c /opt/local/share/cmake-3.4/Modules/CheckFunctionExists.c
Linking C executable cmTC_a11ca
/opt/local/bin/cmake -E cmake_link_script CMakeFiles/cmTC_a11ca.dir/link.txt --verbose=1
/Applications/Xcode.app/Contents/Developer/Toolchains/XcodeDefault.xctoolchain/usr/bin/cc   -DCHECK_FUNCTION_EXISTS=sgemm_ -Wl,-search_paths_first -Wl,-headerpad_max_install_names   CMakeFiles/cmTC_a11ca.dir/CheckFunctionExists.c.o  -o cmTC_a11ca  -framework Accelerate 


Determining if the function cheev_ exists passed with the following output:
Change Dir: /Users/akinori-i/Documents/Research/consensus/NLP/library/Eigen/eigen-eigen-ce5a455b34c0/scripts/CMakeFiles/CMakeTmp

Run Build Command:"/usr/bin/make" "cmTC_4319d/fast"
/Applications/Xcode.app/Contents/Developer/usr/bin/make -f CMakeFiles/cmTC_4319d.dir/build.make CMakeFiles/cmTC_4319d.dir/build
Building C object CMakeFiles/cmTC_4319d.dir/CheckFunctionExists.c.o
/Applications/Xcode.app/Contents/Developer/Toolchains/XcodeDefault.xctoolchain/usr/bin/cc  -DLAPACK_USE_F2C  -DCHECK_FUNCTION_EXISTS=cheev_   -o CMakeFiles/cmTC_4319d.dir/CheckFunctionExists.c.o   -c /opt/local/share/cmake-3.4/Modules/CheckFunctionExists.c
Linking C executable cmTC_4319d
/opt/local/bin/cmake -E cmake_link_script CMakeFiles/cmTC_4319d.dir/link.txt --verbose=1
/Applications/Xcode.app/Contents/Developer/Toolchains/XcodeDefault.xctoolchain/usr/bin/cc   -DCHECK_FUNCTION_EXISTS=cheev_ -Wl,-search_paths_first -Wl,-headerpad_max_install_names   CMakeFiles/cmTC_4319d.dir/CheckFunctionExists.c.o  -o cmTC_4319d  -framework Accelerate -framework Accelerate 


Performing C++ SOURCE FILE Test COMPILER_SUPPORT_FASTMATH succeded with the following output:
Change Dir: /Users/akinori-i/Documents/Research/consensus/NLP/library/Eigen/eigen-eigen-ce5a455b34c0/scripts/CMakeFiles/CMakeTmp

Run Build Command:"/usr/bin/make" "cmTC_caf93/fast"
/Applications/Xcode.app/Contents/Developer/usr/bin/make -f CMakeFiles/cmTC_caf93.dir/build.make CMakeFiles/cmTC_caf93.dir/build
Building CXX object CMakeFiles/cmTC_caf93.dir/src.cxx.o
/Applications/Xcode.app/Contents/Developer/Toolchains/XcodeDefault.xctoolchain/usr/bin/c++     -pedantic -Wall -Wextra -Wundef -Wcast-align -Wchar-subscripts -Wnon-virtual-dtor -Wpointer-arith -Wwrite-strings -Wformat-security -Wshorten-64-to-32 -Wenum-conversion -Wc++11-extensions -Wshadow -Wno-variadic-macros -Wno-long-long -fno-check-new -fno-common -fstrict-aliasing -Qunused-arguments -ansi -DCOMPILER_SUPPORT_FASTMATH   -ffast-math -o CMakeFiles/cmTC_caf93.dir/src.cxx.o -c /Users/akinori-i/Documents/Research/consensus/NLP/library/Eigen/eigen-eigen-ce5a455b34c0/scripts/CMakeFiles/CMakeTmp/src.cxx
Linking CXX executable cmTC_caf93
/opt/local/bin/cmake -E cmake_link_script CMakeFiles/cmTC_caf93.dir/link.txt --verbose=1
/Applications/Xcode.app/Contents/Developer/Toolchains/XcodeDefault.xctoolchain/usr/bin/c++    -pedantic -Wall -Wextra -Wundef -Wcast-align -Wchar-subscripts -Wnon-virtual-dtor -Wpointer-arith -Wwrite-strings -Wformat-security -Wshorten-64-to-32 -Wenum-conversion -Wc++11-extensions -Wshadow -Wno-variadic-macros -Wno-long-long -fno-check-new -fno-common -fstrict-aliasing -Qunused-arguments -ansi -DCOMPILER_SUPPORT_FASTMATH -Wl,-search_paths_first -Wl,-headerpad_max_install_names   CMakeFiles/cmTC_caf93.dir/src.cxx.o  -o cmTC_caf93  

Source file was:
int main() { return 0; }
Determining if the include file pthread.h exists passed with the following output:
Change Dir: /Users/akinori-i/Documents/Research/consensus/NLP/library/Eigen/eigen-eigen-ce5a455b34c0/scripts/CMakeFiles/CMakeTmp

Run Build Command:"/usr/bin/make" "cmTC_0e430/fast"
/Applications/Xcode.app/Contents/Developer/usr/bin/make -f CMakeFiles/cmTC_0e430.dir/build.make CMakeFiles/cmTC_0e430.dir/build
Building C object CMakeFiles/cmTC_0e430.dir/CheckIncludeFile.c.o
/Applications/Xcode.app/Contents/Developer/Toolchains/XcodeDefault.xctoolchain/usr/bin/cc     -o CMakeFiles/cmTC_0e430.dir/CheckIncludeFile.c.o   -c /Users/akinori-i/Documents/Research/consensus/NLP/library/Eigen/eigen-eigen-ce5a455b34c0/scripts/CMakeFiles/CMakeTmp/CheckIncludeFile.c
Linking C executable cmTC_0e430
/opt/local/bin/cmake -E cmake_link_script CMakeFiles/cmTC_0e430.dir/link.txt --verbose=1
/Applications/Xcode.app/Contents/Developer/Toolchains/XcodeDefault.xctoolchain/usr/bin/cc    -Wl,-search_paths_first -Wl,-headerpad_max_install_names   CMakeFiles/cmTC_0e430.dir/CheckIncludeFile.c.o  -o cmTC_0e430  


Determining if the pthread_create exist passed with the following output:
Change Dir: /Users/akinori-i/Documents/Research/consensus/NLP/library/Eigen/eigen-eigen-ce5a455b34c0/scripts/CMakeFiles/CMakeTmp

Run Build Command:"/usr/bin/make" "cmTC_238bb/fast"
/Applications/Xcode.app/Contents/Developer/usr/bin/make -f CMakeFiles/cmTC_238bb.dir/build.make CMakeFiles/cmTC_238bb.dir/build
Building C object CMakeFiles/cmTC_238bb.dir/CheckSymbolExists.c.o
/Applications/Xcode.app/Contents/Developer/Toolchains/XcodeDefault.xctoolchain/usr/bin/cc     -o CMakeFiles/cmTC_238bb.dir/CheckSymbolExists.c.o   -c /Users/akinori-i/Documents/Research/consensus/NLP/library/Eigen/eigen-eigen-ce5a455b34c0/scripts/CMakeFiles/CMakeTmp/CheckSymbolExists.c
Linking C executable cmTC_238bb
/opt/local/bin/cmake -E cmake_link_script CMakeFiles/cmTC_238bb.dir/link.txt --verbose=1
/Applications/Xcode.app/Contents/Developer/Toolchains/XcodeDefault.xctoolchain/usr/bin/cc    -Wl,-search_paths_first -Wl,-headerpad_max_install_names   CMakeFiles/cmTC_238bb.dir/CheckSymbolExists.c.o  -o cmTC_238bb  

File /Users/akinori-i/Documents/Research/consensus/NLP/library/Eigen/eigen-eigen-ce5a455b34c0/scripts/CMakeFiles/CMakeTmp/CheckSymbolExists.c:
/* */
#include <pthread.h>

int main(int argc, char** argv)
{
  (void)argv;
#ifndef pthread_create
  return ((int*)(&pthread_create))[argc];
#else
  (void)argc;
  return 0;
#endif
}

